#
# There is insufficient memory for the Java Runtime Environment to continue.
# Native memory allocation (malloc) failed to allocate 1416336 bytes for Chunk::new
# Possible reasons:
#   The system is out of physical RAM or swap space
#   The process is running with CompressedOops enabled, and the Java Heap may be blocking the growth of the native heap
# Possible solutions:
#   Reduce memory load on the system
#   Increase physical memory or swap space
#   Check if swap backing store is full
#   Decrease Java heap size (-Xmx/-Xms)
#   Decrease number of Java threads
#   Decrease Java thread stack sizes (-Xss)
#   Set larger code cache with -XX:ReservedCodeCacheSize=
#   JVM is running with Unscaled Compressed Oops mode in which the Java heap is
#     placed in the first 4GB address space. The Java Heap base address is the
#     maximum limit for the native heap growth. Please use -XX:HeapBaseMinAddress
#     to set the Java Heap base and to place the Java Heap above 4GB virtual address.
# This output file may be truncated or incomplete.
#
#  Out of Memory Error (arena.cpp:168), pid=5000, tid=16672
#
# JRE version: Java(TM) SE Runtime Environment (21.0.6+8) (build 21.0.6+8-LTS-188)
# Java VM: Java HotSpot(TM) 64-Bit Server VM (21.0.6+8-LTS-188, mixed mode, sharing, tiered, compressed oops, compressed class ptrs, g1 gc, windows-amd64)
# No core dump will be written. Minidumps are not enabled by default on client versions of Windows
#

---------------  S U M M A R Y ------------

Command Line: --add-opens=java.base/java.lang=ALL-UNNAMED --add-opens=java.base/java.lang.invoke=ALL-UNNAMED --add-opens=java.base/java.util=ALL-UNNAMED --add-opens=java.prefs/java.util.prefs=ALL-UNNAMED --add-exports=jdk.compiler/com.sun.tools.javac.api=ALL-UNNAMED --add-exports=jdk.compiler/com.sun.tools.javac.util=ALL-UNNAMED --add-opens=java.base/java.util=ALL-UNNAMED --add-opens=java.prefs/java.util.prefs=ALL-UNNAMED --add-opens=java.base/java.nio.charset=ALL-UNNAMED --add-opens=java.base/java.net=ALL-UNNAMED --add-opens=java.base/java.util.concurrent.atomic=ALL-UNNAMED --add-opens=java.xml/javax.xml.namespace=ALL-UNNAMED -XX:MaxMetaspaceSize=384m -XX:+HeapDumpOnOutOfMemoryError -Xms256m -Xmx512m -Dfile.encoding=UTF-8 -Duser.country=419 -Duser.language=es -Duser.variant -javaagent:C:\Users\saniel\.gradle\wrapper\dists\gradle-8.13-bin\5xuhj0ry160q40clulazy9h7d\gradle-8.13\lib\agents\gradle-instrumentation-agent-8.13.jar org.gradle.launcher.daemon.bootstrap.GradleDaemon 8.13

Host: Intel(R) Core(TM) i3-1005G1 CPU @ 1.20GHz, 4 cores, 3G,  Windows 11 , 64 bit Build 26100 (10.0.26100.3775)
Time: Sun May 11 08:19:14 2025 Hora est. Pacífico, Sudamérica elapsed time: 12.338641 seconds (0d 0h 0m 12s)

---------------  T H R E A D  ---------------

Current thread (0x000001105492a6c0):  JavaThread "C2 CompilerThread0" daemon [_thread_in_native, id=16672, stack(0x00000002cb200000,0x00000002cb300000) (1024K)]


Current CompileTask:
C2:  12339 3809       4       java.net.URLClassLoader$1::run (5 bytes)

Stack: [0x00000002cb200000,0x00000002cb300000]
Native frames: (J=compiled Java code, j=interpreted, Vv=VM code, C=native code)
V  [jvm.dll+0x6ca6d9]
V  [jvm.dll+0x854f51]
V  [jvm.dll+0x85747e]
V  [jvm.dll+0x857b53]
V  [jvm.dll+0x27dcc6]
V  [jvm.dll+0xc4c2d]
V  [jvm.dll+0xc5163]
V  [jvm.dll+0x3b5122]
V  [jvm.dll+0x1df633]
V  [jvm.dll+0x246a72]
V  [jvm.dll+0x245eff]
V  [jvm.dll+0x1c6d2e]
V  [jvm.dll+0x2554f9]
V  [jvm.dll+0x253a8a]
V  [jvm.dll+0x3ee576]
V  [jvm.dll+0x7ff2fb]
V  [jvm.dll+0x6c8dbd]
C  [ucrtbase.dll+0x37b0]
C  [KERNEL32.DLL+0x2e8d7]
C  [ntdll.dll+0xb14fc]


---------------  P R O C E S S  ---------------

Threads class SMR info:
_java_thread_list=0x000001106fe0b940, length=30, elements={
0x00000110383f1b30, 0x000001105491a0f0, 0x000001105491d870, 0x0000011054921df0,
0x0000011054922bf0, 0x0000011054924360, 0x0000011054925ad0, 0x000001105492a6c0,
0x0000011054aaac50, 0x00000110548f1930, 0x0000011054d46500, 0x000001106f6a74c0,
0x000001106f72b0b0, 0x000001106f75c3a0, 0x000001106f7311a0, 0x000001106f5fe950,
0x000001106f7ec510, 0x000001106f75abe0, 0x000001106f7d3d40, 0x000001106f7d36b0,
0x000001106f7d3020, 0x000001106f7d43d0, 0x000001106f7d0f50, 0x000001106f7d15e0,
0x000001106f7d2990, 0x000001106f7d1c70, 0x00000110700b9980, 0x00000110700ba010,
0x00000110700ba6a0, 0x00000110700bad30
}

Java Threads: ( => current thread )
  0x00000110383f1b30 JavaThread "main"                              [_thread_blocked, id=6628, stack(0x00000002ca400000,0x00000002ca500000) (1024K)]
  0x000001105491a0f0 JavaThread "Reference Handler"          daemon [_thread_blocked, id=19096, stack(0x00000002cac00000,0x00000002cad00000) (1024K)]
  0x000001105491d870 JavaThread "Finalizer"                  daemon [_thread_blocked, id=9032, stack(0x00000002cad00000,0x00000002cae00000) (1024K)]
  0x0000011054921df0 JavaThread "Signal Dispatcher"          daemon [_thread_blocked, id=7252, stack(0x00000002cae00000,0x00000002caf00000) (1024K)]
  0x0000011054922bf0 JavaThread "Attach Listener"            daemon [_thread_blocked, id=2768, stack(0x00000002caf00000,0x00000002cb000000) (1024K)]
  0x0000011054924360 JavaThread "Service Thread"             daemon [_thread_blocked, id=20508, stack(0x00000002cb000000,0x00000002cb100000) (1024K)]
  0x0000011054925ad0 JavaThread "Monitor Deflation Thread"   daemon [_thread_blocked, id=3804, stack(0x00000002cb100000,0x00000002cb200000) (1024K)]
=>0x000001105492a6c0 JavaThread "C2 CompilerThread0"         daemon [_thread_in_native, id=16672, stack(0x00000002cb200000,0x00000002cb300000) (1024K)]
  0x0000011054aaac50 JavaThread "C1 CompilerThread0"         daemon [_thread_in_native, id=5564, stack(0x00000002cb300000,0x00000002cb400000) (1024K)]
  0x00000110548f1930 JavaThread "Common-Cleaner"             daemon [_thread_blocked, id=10464, stack(0x00000002cb400000,0x00000002cb500000) (1024K)]
  0x0000011054d46500 JavaThread "Notification Thread"        daemon [_thread_blocked, id=5404, stack(0x00000002cb500000,0x00000002cb600000) (1024K)]
  0x000001106f6a74c0 JavaThread "Daemon health stats"               [_thread_blocked, id=16468, stack(0x00000002cb900000,0x00000002cba00000) (1024K)]
  0x000001106f72b0b0 JavaThread "Incoming local TCP Connector on port 57803"        [_thread_in_native, id=18908, stack(0x00000002cba00000,0x00000002cbb00000) (1024K)]
  0x000001106f75c3a0 JavaThread "Daemon periodic checks"            [_thread_blocked, id=16956, stack(0x00000002cbb00000,0x00000002cbc00000) (1024K)]
  0x000001106f7311a0 JavaThread "Daemon"                            [_thread_blocked, id=21464, stack(0x00000002cbc00000,0x00000002cbd00000) (1024K)]
  0x000001106f5fe950 JavaThread "Handler for socket connection from /127.0.0.1:57803 to /127.0.0.1:57804"        [_thread_in_native, id=20992, stack(0x00000002cbd00000,0x00000002cbe00000) (1024K)]
  0x000001106f7ec510 JavaThread "Cancel handler"                    [_thread_blocked, id=10052, stack(0x00000002cbe00000,0x00000002cbf00000) (1024K)]
  0x000001106f75abe0 JavaThread "Daemon worker"                     [_thread_in_Java, id=16008, stack(0x00000002cbf00000,0x00000002cc000000) (1024K)]
  0x000001106f7d3d40 JavaThread "Asynchronous log dispatcher for DefaultDaemonConnection: socket connection from /127.0.0.1:57803 to /127.0.0.1:57804"        [_thread_blocked, id=8096, stack(0x00000002cc000000,0x00000002cc100000) (1024K)]
  0x000001106f7d36b0 JavaThread "Stdin handler"                     [_thread_blocked, id=19736, stack(0x00000002cc100000,0x00000002cc200000) (1024K)]
  0x000001106f7d3020 JavaThread "Daemon client event forwarder"        [_thread_blocked, id=5796, stack(0x00000002cc200000,0x00000002cc300000) (1024K)]
  0x000001106f7d43d0 JavaThread "Cache worker for journal cache (C:\Users\saniel\.gradle\caches\journal-1)"        [_thread_blocked, id=6408, stack(0x00000002cc300000,0x00000002cc400000) (1024K)]
  0x000001106f7d0f50 JavaThread "File lock request listener"        [_thread_in_native, id=18720, stack(0x00000002cc400000,0x00000002cc500000) (1024K)]
  0x000001106f7d15e0 JavaThread "Cache worker for file hash cache (C:\Users\saniel\.gradle\caches\8.13\fileHashes)"        [_thread_blocked, id=20588, stack(0x00000002cc500000,0x00000002cc600000) (1024K)]
  0x000001106f7d2990 JavaThread "Cache worker for file hash cache (C:\Users\saniel\Documents\IntelliJ Projects\ProyectoAvanzada\ProyectoFinalAvanzada\.gradle\8.13\fileHashes)"        [_thread_blocked, id=6420, stack(0x00000002cc600000,0x00000002cc700000) (1024K)]
  0x000001106f7d1c70 JavaThread "Cache worker for Build Output Cleanup Cache (C:\Users\saniel\Documents\IntelliJ Projects\ProyectoAvanzada\ProyectoFinalAvanzada\.gradle\buildOutputCleanup)"        [_thread_blocked, id=7364, stack(0x00000002cc700000,0x00000002cc800000) (1024K)]
  0x00000110700b9980 JavaThread "File watcher server"        daemon [_thread_in_native, id=18292, stack(0x00000002cc800000,0x00000002cc900000) (1024K)]
  0x00000110700ba010 JavaThread "File watcher consumer"      daemon [_thread_blocked, id=20760, stack(0x00000002cc900000,0x00000002cca00000) (1024K)]
  0x00000110700ba6a0 JavaThread "jar transforms"                    [_thread_blocked, id=15072, stack(0x00000002cca00000,0x00000002ccb00000) (1024K)]
  0x00000110700bad30 JavaThread "jar transforms Thread 2"           [_thread_blocked, id=316, stack(0x00000002ccb00000,0x00000002ccc00000) (1024K)]
Total: 30

Other Threads:
  0x0000011054901270 VMThread "VM Thread"                           [id=19488, stack(0x00000002cab00000,0x00000002cac00000) (1024K)]
  0x00000110548f02c0 WatcherThread "VM Periodic Task Thread"        [id=16500, stack(0x00000002caa00000,0x00000002cab00000) (1024K)]
  0x00000110386985e0 WorkerThread "GC Thread#0"                     [id=6500, stack(0x00000002ca500000,0x00000002ca600000) (1024K)]
  0x0000011054d672c0 WorkerThread "GC Thread#1"                     [id=9968, stack(0x00000002cb600000,0x00000002cb700000) (1024K)]
  0x0000011054d67660 WorkerThread "GC Thread#2"                     [id=7612, stack(0x00000002cb700000,0x00000002cb800000) (1024K)]
  0x0000011054d67a00 WorkerThread "GC Thread#3"                     [id=4508, stack(0x00000002cb800000,0x00000002cb900000) (1024K)]
  0x000001103869d4d0 ConcurrentGCThread "G1 Main Marker"            [id=19860, stack(0x00000002ca600000,0x00000002ca700000) (1024K)]
  0x000001103869ed60 WorkerThread "G1 Conc#0"                       [id=15860, stack(0x00000002ca700000,0x00000002ca800000) (1024K)]
  0x00000110547c39e0 ConcurrentGCThread "G1 Refine#0"               [id=8188, stack(0x00000002ca800000,0x00000002ca900000) (1024K)]
  0x00000110547c5210 ConcurrentGCThread "G1 Service"                [id=8048, stack(0x00000002ca900000,0x00000002caa00000) (1024K)]
Total: 10

Threads with active compile tasks:
C2 CompilerThread0    12385 3809       4       java.net.URLClassLoader$1::run (5 bytes)
C1 CompilerThread0    12385 3822       3       jdk.nio.zipfs.ZipFileSystem$IndexNode::name (14 bytes)
Total: 2

VM state: not at safepoint (normal execution)

VM Mutex/Monitor currently owned by a thread: None

Heap address: 0x00000000e0000000, size: 512 MB, Compressed Oops mode: 32-bit

CDS archive(s) mapped at: [0x0000011055000000-0x0000011055c90000-0x0000011055c90000), size 13172736, SharedBaseAddress: 0x0000011055000000, ArchiveRelocationMode: 1.
Compressed class space mapped at: 0x0000011056000000-0x000001106a000000, reserved size: 335544320
Narrow klass base: 0x0000011055000000, Narrow klass shift: 0, Narrow klass range: 0x100000000

GC Precious Log:
 CardTable entry size: 512
 Card Set container configuration: InlinePtr #cards 5 size 8 Array Of Cards #cards 12 size 40 Howl #buckets 4 coarsen threshold 1843 Howl Bitmap #cards 512 size 80 coarsen threshold 460 Card regions per heap region 1 cards per card region 2048
 CPUs: 4 total, 4 available
 Memory: 3836M
 Large Page Support: Disabled
 NUMA Support: Disabled
 Compressed Oops: Enabled (32-bit)
 Heap Region Size: 1M
 Heap Min Capacity: 256M
 Heap Initial Capacity: 256M
 Heap Max Capacity: 512M
 Pre-touch: Disabled
 Parallel Workers: 4
 Concurrent Workers: 1
 Concurrent Refinement Workers: 4
 Periodic GC: Disabled

Heap:
 garbage-first heap   total 262144K, used 94309K [0x00000000e0000000, 0x0000000100000000)
  region size 1024K, 71 young (72704K), 2 survivors (2048K)
 Metaspace       used 32474K, committed 33472K, reserved 393216K
  class space    used 4576K, committed 5056K, reserved 327680K

Heap Regions: E=young(eden), S=young(survivor), O=old, HS=humongous(starts), HC=humongous(continues), CS=collection set, F=free, TAMS=top-at-mark-start, PB=parsable bottom
|   0|0x00000000e0000000, 0x00000000e0100000, 0x00000000e0100000|100%|HS|  |TAMS 0x00000000e0000000| PB 0x00000000e0000000| Complete 
|   1|0x00000000e0100000, 0x00000000e0200000, 0x00000000e0200000|100%|HC|  |TAMS 0x00000000e0100000| PB 0x00000000e0100000| Complete 
|   2|0x00000000e0200000, 0x00000000e0300000, 0x00000000e0300000|100%|HC|  |TAMS 0x00000000e0200000| PB 0x00000000e0200000| Complete 
|   3|0x00000000e0300000, 0x00000000e0400000, 0x00000000e0400000|100%| O|  |TAMS 0x00000000e0300000| PB 0x00000000e0300000| Untracked 
|   4|0x00000000e0400000, 0x00000000e0500000, 0x00000000e0500000|100%| O|Cm|TAMS 0x00000000e0400000| PB 0x00000000e0400000| Complete 
|   5|0x00000000e0500000, 0x00000000e0600000, 0x00000000e0600000|100%| O|  |TAMS 0x00000000e0500000| PB 0x00000000e0500000| Untracked 
|   6|0x00000000e0600000, 0x00000000e0700000, 0x00000000e0700000|100%| O|  |TAMS 0x00000000e0600000| PB 0x00000000e0600000| Untracked 
|   7|0x00000000e0700000, 0x00000000e0800000, 0x00000000e0800000|100%|HS|  |TAMS 0x00000000e0700000| PB 0x00000000e0700000| Complete 
|   8|0x00000000e0800000, 0x00000000e0900000, 0x00000000e0900000|100%| O|  |TAMS 0x00000000e0800000| PB 0x00000000e0800000| Untracked 
|   9|0x00000000e0900000, 0x00000000e0a00000, 0x00000000e0a00000|100%| O|  |TAMS 0x00000000e0900000| PB 0x00000000e0900000| Untracked 
|  10|0x00000000e0a00000, 0x00000000e0b00000, 0x00000000e0b00000|100%| O|  |TAMS 0x00000000e0a00000| PB 0x00000000e0a00000| Untracked 
|  11|0x00000000e0b00000, 0x00000000e0c00000, 0x00000000e0c00000|100%| O|  |TAMS 0x00000000e0b00000| PB 0x00000000e0b00000| Untracked 
|  12|0x00000000e0c00000, 0x00000000e0d00000, 0x00000000e0d00000|100%| O|  |TAMS 0x00000000e0c00000| PB 0x00000000e0c00000| Untracked 
|  13|0x00000000e0d00000, 0x00000000e0e00000, 0x00000000e0e00000|100%| O|  |TAMS 0x00000000e0d00000| PB 0x00000000e0d00000| Untracked 
|  14|0x00000000e0e00000, 0x00000000e0f00000, 0x00000000e0f00000|100%| O|  |TAMS 0x00000000e0e00000| PB 0x00000000e0e00000| Untracked 
|  15|0x00000000e0f00000, 0x00000000e1000000, 0x00000000e1000000|100%| O|  |TAMS 0x00000000e0f00000| PB 0x00000000e0f00000| Untracked 
|  16|0x00000000e1000000, 0x00000000e1100000, 0x00000000e1100000|100%| O|  |TAMS 0x00000000e1000000| PB 0x00000000e1000000| Untracked 
|  17|0x00000000e1100000, 0x00000000e1200000, 0x00000000e1200000|100%| O|  |TAMS 0x00000000e1100000| PB 0x00000000e1100000| Untracked 
|  18|0x00000000e1200000, 0x00000000e1300000, 0x00000000e1300000|100%| O|  |TAMS 0x00000000e1200000| PB 0x00000000e1200000| Untracked 
|  19|0x00000000e1300000, 0x00000000e1400000, 0x00000000e1400000|100%| O|  |TAMS 0x00000000e1300000| PB 0x00000000e1300000| Untracked 
|  20|0x00000000e1400000, 0x00000000e1500000, 0x00000000e1500000|100%| O|  |TAMS 0x00000000e1400000| PB 0x00000000e1400000| Untracked 
|  21|0x00000000e1500000, 0x00000000e1600000, 0x00000000e1600000|100%| O|  |TAMS 0x00000000e1500000| PB 0x00000000e1500000| Untracked 
|  22|0x00000000e1600000, 0x00000000e1700000, 0x00000000e1700000|100%| O|  |TAMS 0x00000000e1600000| PB 0x00000000e1600000| Untracked 
|  23|0x00000000e1700000, 0x00000000e1724600, 0x00000000e1800000| 14%| O|  |TAMS 0x00000000e1700000| PB 0x00000000e1700000| Untracked 
|  24|0x00000000e1800000, 0x00000000e1800000, 0x00000000e1900000|  0%| F|  |TAMS 0x00000000e1800000| PB 0x00000000e1800000| Untracked 
|  25|0x00000000e1900000, 0x00000000e1900000, 0x00000000e1a00000|  0%| F|  |TAMS 0x00000000e1900000| PB 0x00000000e1900000| Untracked 
|  26|0x00000000e1a00000, 0x00000000e1a00000, 0x00000000e1b00000|  0%| F|  |TAMS 0x00000000e1a00000| PB 0x00000000e1a00000| Untracked 
|  27|0x00000000e1b00000, 0x00000000e1b00000, 0x00000000e1c00000|  0%| F|  |TAMS 0x00000000e1b00000| PB 0x00000000e1b00000| Untracked 
|  28|0x00000000e1c00000, 0x00000000e1c00000, 0x00000000e1d00000|  0%| F|  |TAMS 0x00000000e1c00000| PB 0x00000000e1c00000| Untracked 
|  29|0x00000000e1d00000, 0x00000000e1d00000, 0x00000000e1e00000|  0%| F|  |TAMS 0x00000000e1d00000| PB 0x00000000e1d00000| Untracked 
|  30|0x00000000e1e00000, 0x00000000e1e00000, 0x00000000e1f00000|  0%| F|  |TAMS 0x00000000e1e00000| PB 0x00000000e1e00000| Untracked 
|  31|0x00000000e1f00000, 0x00000000e1f00000, 0x00000000e2000000|  0%| F|  |TAMS 0x00000000e1f00000| PB 0x00000000e1f00000| Untracked 
|  32|0x00000000e2000000, 0x00000000e2000000, 0x00000000e2100000|  0%| F|  |TAMS 0x00000000e2000000| PB 0x00000000e2000000| Untracked 
|  33|0x00000000e2100000, 0x00000000e2100000, 0x00000000e2200000|  0%| F|  |TAMS 0x00000000e2100000| PB 0x00000000e2100000| Untracked 
|  34|0x00000000e2200000, 0x00000000e2200000, 0x00000000e2300000|  0%| F|  |TAMS 0x00000000e2200000| PB 0x00000000e2200000| Untracked 
|  35|0x00000000e2300000, 0x00000000e2300000, 0x00000000e2400000|  0%| F|  |TAMS 0x00000000e2300000| PB 0x00000000e2300000| Untracked 
|  36|0x00000000e2400000, 0x00000000e2400000, 0x00000000e2500000|  0%| F|  |TAMS 0x00000000e2400000| PB 0x00000000e2400000| Untracked 
|  37|0x00000000e2500000, 0x00000000e2500000, 0x00000000e2600000|  0%| F|  |TAMS 0x00000000e2500000| PB 0x00000000e2500000| Untracked 
|  38|0x00000000e2600000, 0x00000000e2600000, 0x00000000e2700000|  0%| F|  |TAMS 0x00000000e2600000| PB 0x00000000e2600000| Untracked 
|  39|0x00000000e2700000, 0x00000000e2700000, 0x00000000e2800000|  0%| F|  |TAMS 0x00000000e2700000| PB 0x00000000e2700000| Untracked 
|  40|0x00000000e2800000, 0x00000000e2800000, 0x00000000e2900000|  0%| F|  |TAMS 0x00000000e2800000| PB 0x00000000e2800000| Untracked 
|  41|0x00000000e2900000, 0x00000000e2900000, 0x00000000e2a00000|  0%| F|  |TAMS 0x00000000e2900000| PB 0x00000000e2900000| Untracked 
|  42|0x00000000e2a00000, 0x00000000e2a00000, 0x00000000e2b00000|  0%| F|  |TAMS 0x00000000e2a00000| PB 0x00000000e2a00000| Untracked 
|  43|0x00000000e2b00000, 0x00000000e2b00000, 0x00000000e2c00000|  0%| F|  |TAMS 0x00000000e2b00000| PB 0x00000000e2b00000| Untracked 
|  44|0x00000000e2c00000, 0x00000000e2c00000, 0x00000000e2d00000|  0%| F|  |TAMS 0x00000000e2c00000| PB 0x00000000e2c00000| Untracked 
|  45|0x00000000e2d00000, 0x00000000e2d00000, 0x00000000e2e00000|  0%| F|  |TAMS 0x00000000e2d00000| PB 0x00000000e2d00000| Untracked 
|  46|0x00000000e2e00000, 0x00000000e2e00000, 0x00000000e2f00000|  0%| F|  |TAMS 0x00000000e2e00000| PB 0x00000000e2e00000| Untracked 
|  47|0x00000000e2f00000, 0x00000000e2f00000, 0x00000000e3000000|  0%| F|  |TAMS 0x00000000e2f00000| PB 0x00000000e2f00000| Untracked 
|  48|0x00000000e3000000, 0x00000000e3000000, 0x00000000e3100000|  0%| F|  |TAMS 0x00000000e3000000| PB 0x00000000e3000000| Untracked 
|  49|0x00000000e3100000, 0x00000000e3100000, 0x00000000e3200000|  0%| F|  |TAMS 0x00000000e3100000| PB 0x00000000e3100000| Untracked 
|  50|0x00000000e3200000, 0x00000000e3200000, 0x00000000e3300000|  0%| F|  |TAMS 0x00000000e3200000| PB 0x00000000e3200000| Untracked 
|  51|0x00000000e3300000, 0x00000000e3300000, 0x00000000e3400000|  0%| F|  |TAMS 0x00000000e3300000| PB 0x00000000e3300000| Untracked 
|  52|0x00000000e3400000, 0x00000000e3400000, 0x00000000e3500000|  0%| F|  |TAMS 0x00000000e3400000| PB 0x00000000e3400000| Untracked 
|  53|0x00000000e3500000, 0x00000000e3500000, 0x00000000e3600000|  0%| F|  |TAMS 0x00000000e3500000| PB 0x00000000e3500000| Untracked 
|  54|0x00000000e3600000, 0x00000000e3600000, 0x00000000e3700000|  0%| F|  |TAMS 0x00000000e3600000| PB 0x00000000e3600000| Untracked 
|  55|0x00000000e3700000, 0x00000000e3700000, 0x00000000e3800000|  0%| F|  |TAMS 0x00000000e3700000| PB 0x00000000e3700000| Untracked 
|  56|0x00000000e3800000, 0x00000000e3800000, 0x00000000e3900000|  0%| F|  |TAMS 0x00000000e3800000| PB 0x00000000e3800000| Untracked 
|  57|0x00000000e3900000, 0x00000000e3900000, 0x00000000e3a00000|  0%| F|  |TAMS 0x00000000e3900000| PB 0x00000000e3900000| Untracked 
|  58|0x00000000e3a00000, 0x00000000e3a00000, 0x00000000e3b00000|  0%| F|  |TAMS 0x00000000e3a00000| PB 0x00000000e3a00000| Untracked 
|  59|0x00000000e3b00000, 0x00000000e3b00000, 0x00000000e3c00000|  0%| F|  |TAMS 0x00000000e3b00000| PB 0x00000000e3b00000| Untracked 
|  60|0x00000000e3c00000, 0x00000000e3c00000, 0x00000000e3d00000|  0%| F|  |TAMS 0x00000000e3c00000| PB 0x00000000e3c00000| Untracked 
|  61|0x00000000e3d00000, 0x00000000e3d00000, 0x00000000e3e00000|  0%| F|  |TAMS 0x00000000e3d00000| PB 0x00000000e3d00000| Untracked 
|  62|0x00000000e3e00000, 0x00000000e3e00000, 0x00000000e3f00000|  0%| F|  |TAMS 0x00000000e3e00000| PB 0x00000000e3e00000| Untracked 
|  63|0x00000000e3f00000, 0x00000000e3f00000, 0x00000000e4000000|  0%| F|  |TAMS 0x00000000e3f00000| PB 0x00000000e3f00000| Untracked 
|  64|0x00000000e4000000, 0x00000000e4000000, 0x00000000e4100000|  0%| F|  |TAMS 0x00000000e4000000| PB 0x00000000e4000000| Untracked 
|  65|0x00000000e4100000, 0x00000000e4100000, 0x00000000e4200000|  0%| F|  |TAMS 0x00000000e4100000| PB 0x00000000e4100000| Untracked 
|  66|0x00000000e4200000, 0x00000000e4200000, 0x00000000e4300000|  0%| F|  |TAMS 0x00000000e4200000| PB 0x00000000e4200000| Untracked 
|  67|0x00000000e4300000, 0x00000000e4300000, 0x00000000e4400000|  0%| F|  |TAMS 0x00000000e4300000| PB 0x00000000e4300000| Untracked 
|  68|0x00000000e4400000, 0x00000000e4400000, 0x00000000e4500000|  0%| F|  |TAMS 0x00000000e4400000| PB 0x00000000e4400000| Untracked 
|  69|0x00000000e4500000, 0x00000000e4500000, 0x00000000e4600000|  0%| F|  |TAMS 0x00000000e4500000| PB 0x00000000e4500000| Untracked 
|  70|0x00000000e4600000, 0x00000000e4600000, 0x00000000e4700000|  0%| F|  |TAMS 0x00000000e4600000| PB 0x00000000e4600000| Untracked 
|  71|0x00000000e4700000, 0x00000000e4700000, 0x00000000e4800000|  0%| F|  |TAMS 0x00000000e4700000| PB 0x00000000e4700000| Untracked 
|  72|0x00000000e4800000, 0x00000000e4800000, 0x00000000e4900000|  0%| F|  |TAMS 0x00000000e4800000| PB 0x00000000e4800000| Untracked 
|  73|0x00000000e4900000, 0x00000000e4900000, 0x00000000e4a00000|  0%| F|  |TAMS 0x00000000e4900000| PB 0x00000000e4900000| Untracked 
|  74|0x00000000e4a00000, 0x00000000e4a00000, 0x00000000e4b00000|  0%| F|  |TAMS 0x00000000e4a00000| PB 0x00000000e4a00000| Untracked 
|  75|0x00000000e4b00000, 0x00000000e4b00000, 0x00000000e4c00000|  0%| F|  |TAMS 0x00000000e4b00000| PB 0x00000000e4b00000| Untracked 
|  76|0x00000000e4c00000, 0x00000000e4c00000, 0x00000000e4d00000|  0%| F|  |TAMS 0x00000000e4c00000| PB 0x00000000e4c00000| Untracked 
|  77|0x00000000e4d00000, 0x00000000e4d00000, 0x00000000e4e00000|  0%| F|  |TAMS 0x00000000e4d00000| PB 0x00000000e4d00000| Untracked 
|  78|0x00000000e4e00000, 0x00000000e4e00000, 0x00000000e4f00000|  0%| F|  |TAMS 0x00000000e4e00000| PB 0x00000000e4e00000| Untracked 
|  79|0x00000000e4f00000, 0x00000000e4f00000, 0x00000000e5000000|  0%| F|  |TAMS 0x00000000e4f00000| PB 0x00000000e4f00000| Untracked 
|  80|0x00000000e5000000, 0x00000000e5000000, 0x00000000e5100000|  0%| F|  |TAMS 0x00000000e5000000| PB 0x00000000e5000000| Untracked 
|  81|0x00000000e5100000, 0x00000000e5100000, 0x00000000e5200000|  0%| F|  |TAMS 0x00000000e5100000| PB 0x00000000e5100000| Untracked 
|  82|0x00000000e5200000, 0x00000000e5200000, 0x00000000e5300000|  0%| F|  |TAMS 0x00000000e5200000| PB 0x00000000e5200000| Untracked 
|  83|0x00000000e5300000, 0x00000000e5300000, 0x00000000e5400000|  0%| F|  |TAMS 0x00000000e5300000| PB 0x00000000e5300000| Untracked 
|  84|0x00000000e5400000, 0x00000000e5400000, 0x00000000e5500000|  0%| F|  |TAMS 0x00000000e5400000| PB 0x00000000e5400000| Untracked 
|  85|0x00000000e5500000, 0x00000000e5500000, 0x00000000e5600000|  0%| F|  |TAMS 0x00000000e5500000| PB 0x00000000e5500000| Untracked 
|  86|0x00000000e5600000, 0x00000000e5600000, 0x00000000e5700000|  0%| F|  |TAMS 0x00000000e5600000| PB 0x00000000e5600000| Untracked 
|  87|0x00000000e5700000, 0x00000000e5700000, 0x00000000e5800000|  0%| F|  |TAMS 0x00000000e5700000| PB 0x00000000e5700000| Untracked 
|  88|0x00000000e5800000, 0x00000000e5800000, 0x00000000e5900000|  0%| F|  |TAMS 0x00000000e5800000| PB 0x00000000e5800000| Untracked 
|  89|0x00000000e5900000, 0x00000000e5900000, 0x00000000e5a00000|  0%| F|  |TAMS 0x00000000e5900000| PB 0x00000000e5900000| Untracked 
|  90|0x00000000e5a00000, 0x00000000e5a00000, 0x00000000e5b00000|  0%| F|  |TAMS 0x00000000e5a00000| PB 0x00000000e5a00000| Untracked 
|  91|0x00000000e5b00000, 0x00000000e5b00000, 0x00000000e5c00000|  0%| F|  |TAMS 0x00000000e5b00000| PB 0x00000000e5b00000| Untracked 
|  92|0x00000000e5c00000, 0x00000000e5c00000, 0x00000000e5d00000|  0%| F|  |TAMS 0x00000000e5c00000| PB 0x00000000e5c00000| Untracked 
|  93|0x00000000e5d00000, 0x00000000e5d00000, 0x00000000e5e00000|  0%| F|  |TAMS 0x00000000e5d00000| PB 0x00000000e5d00000| Untracked 
|  94|0x00000000e5e00000, 0x00000000e5e00000, 0x00000000e5f00000|  0%| F|  |TAMS 0x00000000e5e00000| PB 0x00000000e5e00000| Untracked 
|  95|0x00000000e5f00000, 0x00000000e5f00000, 0x00000000e6000000|  0%| F|  |TAMS 0x00000000e5f00000| PB 0x00000000e5f00000| Untracked 
|  96|0x00000000e6000000, 0x00000000e6000000, 0x00000000e6100000|  0%| F|  |TAMS 0x00000000e6000000| PB 0x00000000e6000000| Untracked 
|  97|0x00000000e6100000, 0x00000000e6100000, 0x00000000e6200000|  0%| F|  |TAMS 0x00000000e6100000| PB 0x00000000e6100000| Untracked 
|  98|0x00000000e6200000, 0x00000000e6200000, 0x00000000e6300000|  0%| F|  |TAMS 0x00000000e6200000| PB 0x00000000e6200000| Untracked 
|  99|0x00000000e6300000, 0x00000000e6300000, 0x00000000e6400000|  0%| F|  |TAMS 0x00000000e6300000| PB 0x00000000e6300000| Untracked 
| 100|0x00000000e6400000, 0x00000000e6400000, 0x00000000e6500000|  0%| F|  |TAMS 0x00000000e6400000| PB 0x00000000e6400000| Untracked 
| 101|0x00000000e6500000, 0x00000000e6500000, 0x00000000e6600000|  0%| F|  |TAMS 0x00000000e6500000| PB 0x00000000e6500000| Untracked 
| 102|0x00000000e6600000, 0x00000000e6600000, 0x00000000e6700000|  0%| F|  |TAMS 0x00000000e6600000| PB 0x00000000e6600000| Untracked 
| 103|0x00000000e6700000, 0x00000000e6700000, 0x00000000e6800000|  0%| F|  |TAMS 0x00000000e6700000| PB 0x00000000e6700000| Untracked 
| 104|0x00000000e6800000, 0x00000000e6800000, 0x00000000e6900000|  0%| F|  |TAMS 0x00000000e6800000| PB 0x00000000e6800000| Untracked 
| 105|0x00000000e6900000, 0x00000000e6900000, 0x00000000e6a00000|  0%| F|  |TAMS 0x00000000e6900000| PB 0x00000000e6900000| Untracked 
| 106|0x00000000e6a00000, 0x00000000e6a00000, 0x00000000e6b00000|  0%| F|  |TAMS 0x00000000e6a00000| PB 0x00000000e6a00000| Untracked 
| 107|0x00000000e6b00000, 0x00000000e6b00000, 0x00000000e6c00000|  0%| F|  |TAMS 0x00000000e6b00000| PB 0x00000000e6b00000| Untracked 
| 108|0x00000000e6c00000, 0x00000000e6c00000, 0x00000000e6d00000|  0%| F|  |TAMS 0x00000000e6c00000| PB 0x00000000e6c00000| Untracked 
| 109|0x00000000e6d00000, 0x00000000e6d00000, 0x00000000e6e00000|  0%| F|  |TAMS 0x00000000e6d00000| PB 0x00000000e6d00000| Untracked 
| 110|0x00000000e6e00000, 0x00000000e6e00000, 0x00000000e6f00000|  0%| F|  |TAMS 0x00000000e6e00000| PB 0x00000000e6e00000| Untracked 
| 111|0x00000000e6f00000, 0x00000000e6f00000, 0x00000000e7000000|  0%| F|  |TAMS 0x00000000e6f00000| PB 0x00000000e6f00000| Untracked 
| 112|0x00000000e7000000, 0x00000000e7000000, 0x00000000e7100000|  0%| F|  |TAMS 0x00000000e7000000| PB 0x00000000e7000000| Untracked 
| 113|0x00000000e7100000, 0x00000000e7100000, 0x00000000e7200000|  0%| F|  |TAMS 0x00000000e7100000| PB 0x00000000e7100000| Untracked 
| 114|0x00000000e7200000, 0x00000000e7200000, 0x00000000e7300000|  0%| F|  |TAMS 0x00000000e7200000| PB 0x00000000e7200000| Untracked 
| 115|0x00000000e7300000, 0x00000000e7300000, 0x00000000e7400000|  0%| F|  |TAMS 0x00000000e7300000| PB 0x00000000e7300000| Untracked 
| 116|0x00000000e7400000, 0x00000000e7400000, 0x00000000e7500000|  0%| F|  |TAMS 0x00000000e7400000| PB 0x00000000e7400000| Untracked 
| 117|0x00000000e7500000, 0x00000000e7500000, 0x00000000e7600000|  0%| F|  |TAMS 0x00000000e7500000| PB 0x00000000e7500000| Untracked 
| 118|0x00000000e7600000, 0x00000000e7600000, 0x00000000e7700000|  0%| F|  |TAMS 0x00000000e7600000| PB 0x00000000e7600000| Untracked 
| 119|0x00000000e7700000, 0x00000000e7700000, 0x00000000e7800000|  0%| F|  |TAMS 0x00000000e7700000| PB 0x00000000e7700000| Untracked 
| 120|0x00000000e7800000, 0x00000000e7800000, 0x00000000e7900000|  0%| F|  |TAMS 0x00000000e7800000| PB 0x00000000e7800000| Untracked 
| 121|0x00000000e7900000, 0x00000000e7900000, 0x00000000e7a00000|  0%| F|  |TAMS 0x00000000e7900000| PB 0x00000000e7900000| Untracked 
| 122|0x00000000e7a00000, 0x00000000e7a00000, 0x00000000e7b00000|  0%| F|  |TAMS 0x00000000e7a00000| PB 0x00000000e7a00000| Untracked 
| 123|0x00000000e7b00000, 0x00000000e7b00000, 0x00000000e7c00000|  0%| F|  |TAMS 0x00000000e7b00000| PB 0x00000000e7b00000| Untracked 
| 124|0x00000000e7c00000, 0x00000000e7c00000, 0x00000000e7d00000|  0%| F|  |TAMS 0x00000000e7c00000| PB 0x00000000e7c00000| Untracked 
| 125|0x00000000e7d00000, 0x00000000e7d00000, 0x00000000e7e00000|  0%| F|  |TAMS 0x00000000e7d00000| PB 0x00000000e7d00000| Untracked 
| 126|0x00000000e7e00000, 0x00000000e7e00000, 0x00000000e7f00000|  0%| F|  |TAMS 0x00000000e7e00000| PB 0x00000000e7e00000| Untracked 
| 127|0x00000000e7f00000, 0x00000000e7f00000, 0x00000000e8000000|  0%| F|  |TAMS 0x00000000e7f00000| PB 0x00000000e7f00000| Untracked 
| 128|0x00000000e8000000, 0x00000000e8000000, 0x00000000e8100000|  0%| F|  |TAMS 0x00000000e8000000| PB 0x00000000e8000000| Untracked 
| 129|0x00000000e8100000, 0x00000000e8100000, 0x00000000e8200000|  0%| F|  |TAMS 0x00000000e8100000| PB 0x00000000e8100000| Untracked 
| 130|0x00000000e8200000, 0x00000000e8200000, 0x00000000e8300000|  0%| F|  |TAMS 0x00000000e8200000| PB 0x00000000e8200000| Untracked 
| 131|0x00000000e8300000, 0x00000000e8300000, 0x00000000e8400000|  0%| F|  |TAMS 0x00000000e8300000| PB 0x00000000e8300000| Untracked 
| 132|0x00000000e8400000, 0x00000000e8400000, 0x00000000e8500000|  0%| F|  |TAMS 0x00000000e8400000| PB 0x00000000e8400000| Untracked 
| 133|0x00000000e8500000, 0x00000000e8500000, 0x00000000e8600000|  0%| F|  |TAMS 0x00000000e8500000| PB 0x00000000e8500000| Untracked 
| 134|0x00000000e8600000, 0x00000000e8600000, 0x00000000e8700000|  0%| F|  |TAMS 0x00000000e8600000| PB 0x00000000e8600000| Untracked 
| 135|0x00000000e8700000, 0x00000000e8700000, 0x00000000e8800000|  0%| F|  |TAMS 0x00000000e8700000| PB 0x00000000e8700000| Untracked 
| 136|0x00000000e8800000, 0x00000000e8800000, 0x00000000e8900000|  0%| F|  |TAMS 0x00000000e8800000| PB 0x00000000e8800000| Untracked 
| 137|0x00000000e8900000, 0x00000000e8900000, 0x00000000e8a00000|  0%| F|  |TAMS 0x00000000e8900000| PB 0x00000000e8900000| Untracked 
| 138|0x00000000e8a00000, 0x00000000e8a00000, 0x00000000e8b00000|  0%| F|  |TAMS 0x00000000e8a00000| PB 0x00000000e8a00000| Untracked 
| 139|0x00000000e8b00000, 0x00000000e8b00000, 0x00000000e8c00000|  0%| F|  |TAMS 0x00000000e8b00000| PB 0x00000000e8b00000| Untracked 
| 140|0x00000000e8c00000, 0x00000000e8c00000, 0x00000000e8d00000|  0%| F|  |TAMS 0x00000000e8c00000| PB 0x00000000e8c00000| Untracked 
| 141|0x00000000e8d00000, 0x00000000e8d00000, 0x00000000e8e00000|  0%| F|  |TAMS 0x00000000e8d00000| PB 0x00000000e8d00000| Untracked 
| 142|0x00000000e8e00000, 0x00000000e8e00000, 0x00000000e8f00000|  0%| F|  |TAMS 0x00000000e8e00000| PB 0x00000000e8e00000| Untracked 
| 143|0x00000000e8f00000, 0x00000000e8f00000, 0x00000000e9000000|  0%| F|  |TAMS 0x00000000e8f00000| PB 0x00000000e8f00000| Untracked 
| 144|0x00000000e9000000, 0x00000000e9000000, 0x00000000e9100000|  0%| F|  |TAMS 0x00000000e9000000| PB 0x00000000e9000000| Untracked 
| 145|0x00000000e9100000, 0x00000000e9100000, 0x00000000e9200000|  0%| F|  |TAMS 0x00000000e9100000| PB 0x00000000e9100000| Untracked 
| 146|0x00000000e9200000, 0x00000000e9200000, 0x00000000e9300000|  0%| F|  |TAMS 0x00000000e9200000| PB 0x00000000e9200000| Untracked 
| 147|0x00000000e9300000, 0x00000000e9300000, 0x00000000e9400000|  0%| F|  |TAMS 0x00000000e9300000| PB 0x00000000e9300000| Untracked 
| 148|0x00000000e9400000, 0x00000000e9400000, 0x00000000e9500000|  0%| F|  |TAMS 0x00000000e9400000| PB 0x00000000e9400000| Untracked 
| 149|0x00000000e9500000, 0x00000000e9500000, 0x00000000e9600000|  0%| F|  |TAMS 0x00000000e9500000| PB 0x00000000e9500000| Untracked 
| 150|0x00000000e9600000, 0x00000000e9600000, 0x00000000e9700000|  0%| F|  |TAMS 0x00000000e9600000| PB 0x00000000e9600000| Untracked 
| 151|0x00000000e9700000, 0x00000000e9700000, 0x00000000e9800000|  0%| F|  |TAMS 0x00000000e9700000| PB 0x00000000e9700000| Untracked 
| 152|0x00000000e9800000, 0x00000000e9800000, 0x00000000e9900000|  0%| F|  |TAMS 0x00000000e9800000| PB 0x00000000e9800000| Untracked 
| 153|0x00000000e9900000, 0x00000000e9900000, 0x00000000e9a00000|  0%| F|  |TAMS 0x00000000e9900000| PB 0x00000000e9900000| Untracked 
| 154|0x00000000e9a00000, 0x00000000e9a00000, 0x00000000e9b00000|  0%| F|  |TAMS 0x00000000e9a00000| PB 0x00000000e9a00000| Untracked 
| 155|0x00000000e9b00000, 0x00000000e9b00000, 0x00000000e9c00000|  0%| F|  |TAMS 0x00000000e9b00000| PB 0x00000000e9b00000| Untracked 
| 156|0x00000000e9c00000, 0x00000000e9c00000, 0x00000000e9d00000|  0%| F|  |TAMS 0x00000000e9c00000| PB 0x00000000e9c00000| Untracked 
| 157|0x00000000e9d00000, 0x00000000e9d00000, 0x00000000e9e00000|  0%| F|  |TAMS 0x00000000e9d00000| PB 0x00000000e9d00000| Untracked 
| 158|0x00000000e9e00000, 0x00000000e9e00000, 0x00000000e9f00000|  0%| F|  |TAMS 0x00000000e9e00000| PB 0x00000000e9e00000| Untracked 
| 159|0x00000000e9f00000, 0x00000000e9f00000, 0x00000000ea000000|  0%| F|  |TAMS 0x00000000e9f00000| PB 0x00000000e9f00000| Untracked 
| 160|0x00000000ea000000, 0x00000000ea000000, 0x00000000ea100000|  0%| F|  |TAMS 0x00000000ea000000| PB 0x00000000ea000000| Untracked 
| 161|0x00000000ea100000, 0x00000000ea100000, 0x00000000ea200000|  0%| F|  |TAMS 0x00000000ea100000| PB 0x00000000ea100000| Untracked 
| 162|0x00000000ea200000, 0x00000000ea200000, 0x00000000ea300000|  0%| F|  |TAMS 0x00000000ea200000| PB 0x00000000ea200000| Untracked 
| 163|0x00000000ea300000, 0x00000000ea300000, 0x00000000ea400000|  0%| F|  |TAMS 0x00000000ea300000| PB 0x00000000ea300000| Untracked 
| 164|0x00000000ea400000, 0x00000000ea400000, 0x00000000ea500000|  0%| F|  |TAMS 0x00000000ea400000| PB 0x00000000ea400000| Untracked 
| 165|0x00000000ea500000, 0x00000000ea500000, 0x00000000ea600000|  0%| F|  |TAMS 0x00000000ea500000| PB 0x00000000ea500000| Untracked 
| 166|0x00000000ea600000, 0x00000000ea600000, 0x00000000ea700000|  0%| F|  |TAMS 0x00000000ea600000| PB 0x00000000ea600000| Untracked 
| 167|0x00000000ea700000, 0x00000000ea700000, 0x00000000ea800000|  0%| F|  |TAMS 0x00000000ea700000| PB 0x00000000ea700000| Untracked 
| 168|0x00000000ea800000, 0x00000000ea800000, 0x00000000ea900000|  0%| F|  |TAMS 0x00000000ea800000| PB 0x00000000ea800000| Untracked 
| 169|0x00000000ea900000, 0x00000000ea900000, 0x00000000eaa00000|  0%| F|  |TAMS 0x00000000ea900000| PB 0x00000000ea900000| Untracked 
| 170|0x00000000eaa00000, 0x00000000eaa00000, 0x00000000eab00000|  0%| F|  |TAMS 0x00000000eaa00000| PB 0x00000000eaa00000| Untracked 
| 171|0x00000000eab00000, 0x00000000eab00000, 0x00000000eac00000|  0%| F|  |TAMS 0x00000000eab00000| PB 0x00000000eab00000| Untracked 
| 172|0x00000000eac00000, 0x00000000eac00000, 0x00000000ead00000|  0%| F|  |TAMS 0x00000000eac00000| PB 0x00000000eac00000| Untracked 
| 173|0x00000000ead00000, 0x00000000ead00000, 0x00000000eae00000|  0%| F|  |TAMS 0x00000000ead00000| PB 0x00000000ead00000| Untracked 
| 174|0x00000000eae00000, 0x00000000eae00000, 0x00000000eaf00000|  0%| F|  |TAMS 0x00000000eae00000| PB 0x00000000eae00000| Untracked 
| 175|0x00000000eaf00000, 0x00000000eaf00000, 0x00000000eb000000|  0%| F|  |TAMS 0x00000000eaf00000| PB 0x00000000eaf00000| Untracked 
| 176|0x00000000eb000000, 0x00000000eb000000, 0x00000000eb100000|  0%| F|  |TAMS 0x00000000eb000000| PB 0x00000000eb000000| Untracked 
| 177|0x00000000eb100000, 0x00000000eb100000, 0x00000000eb200000|  0%| F|  |TAMS 0x00000000eb100000| PB 0x00000000eb100000| Untracked 
| 178|0x00000000eb200000, 0x00000000eb200000, 0x00000000eb300000|  0%| F|  |TAMS 0x00000000eb200000| PB 0x00000000eb200000| Untracked 
| 179|0x00000000eb300000, 0x00000000eb300000, 0x00000000eb400000|  0%| F|  |TAMS 0x00000000eb300000| PB 0x00000000eb300000| Untracked 
| 180|0x00000000eb400000, 0x00000000eb400000, 0x00000000eb500000|  0%| F|  |TAMS 0x00000000eb400000| PB 0x00000000eb400000| Untracked 
| 181|0x00000000eb500000, 0x00000000eb500000, 0x00000000eb600000|  0%| F|  |TAMS 0x00000000eb500000| PB 0x00000000eb500000| Untracked 
| 182|0x00000000eb600000, 0x00000000eb600000, 0x00000000eb700000|  0%| F|  |TAMS 0x00000000eb600000| PB 0x00000000eb600000| Untracked 
| 183|0x00000000eb700000, 0x00000000eb700000, 0x00000000eb800000|  0%| F|  |TAMS 0x00000000eb700000| PB 0x00000000eb700000| Untracked 
| 184|0x00000000eb800000, 0x00000000eb880800, 0x00000000eb900000| 50%| E|  |TAMS 0x00000000eb800000| PB 0x00000000eb800000| Complete 
| 185|0x00000000eb900000, 0x00000000eba00000, 0x00000000eba00000|100%| E|CS|TAMS 0x00000000eb900000| PB 0x00000000eb900000| Complete 
| 186|0x00000000eba00000, 0x00000000ebb00000, 0x00000000ebb00000|100%| E|CS|TAMS 0x00000000eba00000| PB 0x00000000eba00000| Complete 
| 187|0x00000000ebb00000, 0x00000000ebc00000, 0x00000000ebc00000|100%| E|  |TAMS 0x00000000ebb00000| PB 0x00000000ebb00000| Complete 
| 188|0x00000000ebc00000, 0x00000000ebd00000, 0x00000000ebd00000|100%| E|CS|TAMS 0x00000000ebc00000| PB 0x00000000ebc00000| Complete 
| 189|0x00000000ebd00000, 0x00000000ebe00000, 0x00000000ebe00000|100%| E|CS|TAMS 0x00000000ebd00000| PB 0x00000000ebd00000| Complete 
| 190|0x00000000ebe00000, 0x00000000ebf00000, 0x00000000ebf00000|100%| E|CS|TAMS 0x00000000ebe00000| PB 0x00000000ebe00000| Complete 
| 191|0x00000000ebf00000, 0x00000000ec000000, 0x00000000ec000000|100%| E|CS|TAMS 0x00000000ebf00000| PB 0x00000000ebf00000| Complete 
| 192|0x00000000ec000000, 0x00000000ec100000, 0x00000000ec100000|100%| E|CS|TAMS 0x00000000ec000000| PB 0x00000000ec000000| Complete 
| 193|0x00000000ec100000, 0x00000000ec200000, 0x00000000ec200000|100%| E|CS|TAMS 0x00000000ec100000| PB 0x00000000ec100000| Complete 
| 194|0x00000000ec200000, 0x00000000ec300000, 0x00000000ec300000|100%| E|CS|TAMS 0x00000000ec200000| PB 0x00000000ec200000| Complete 
| 195|0x00000000ec300000, 0x00000000ec400000, 0x00000000ec400000|100%| E|CS|TAMS 0x00000000ec300000| PB 0x00000000ec300000| Complete 
| 196|0x00000000ec400000, 0x00000000ec500000, 0x00000000ec500000|100%| E|CS|TAMS 0x00000000ec400000| PB 0x00000000ec400000| Complete 
| 197|0x00000000ec500000, 0x00000000ec600000, 0x00000000ec600000|100%| E|CS|TAMS 0x00000000ec500000| PB 0x00000000ec500000| Complete 
| 198|0x00000000ec600000, 0x00000000ec700000, 0x00000000ec700000|100%| E|CS|TAMS 0x00000000ec600000| PB 0x00000000ec600000| Complete 
| 199|0x00000000ec700000, 0x00000000ec800000, 0x00000000ec800000|100%| E|CS|TAMS 0x00000000ec700000| PB 0x00000000ec700000| Complete 
| 200|0x00000000ec800000, 0x00000000ec900000, 0x00000000ec900000|100%| E|CS|TAMS 0x00000000ec800000| PB 0x00000000ec800000| Complete 
| 201|0x00000000ec900000, 0x00000000eca00000, 0x00000000eca00000|100%| E|CS|TAMS 0x00000000ec900000| PB 0x00000000ec900000| Complete 
| 202|0x00000000eca00000, 0x00000000ecb00000, 0x00000000ecb00000|100%| E|CS|TAMS 0x00000000eca00000| PB 0x00000000eca00000| Complete 
| 203|0x00000000ecb00000, 0x00000000ecc00000, 0x00000000ecc00000|100%| E|CS|TAMS 0x00000000ecb00000| PB 0x00000000ecb00000| Complete 
| 204|0x00000000ecc00000, 0x00000000ecd00000, 0x00000000ecd00000|100%| E|CS|TAMS 0x00000000ecc00000| PB 0x00000000ecc00000| Complete 
| 205|0x00000000ecd00000, 0x00000000ece00000, 0x00000000ece00000|100%| E|CS|TAMS 0x00000000ecd00000| PB 0x00000000ecd00000| Complete 
| 206|0x00000000ece00000, 0x00000000ecf00000, 0x00000000ecf00000|100%| E|CS|TAMS 0x00000000ece00000| PB 0x00000000ece00000| Complete 
| 207|0x00000000ecf00000, 0x00000000ed000000, 0x00000000ed000000|100%| E|CS|TAMS 0x00000000ecf00000| PB 0x00000000ecf00000| Complete 
| 208|0x00000000ed000000, 0x00000000ed100000, 0x00000000ed100000|100%| E|CS|TAMS 0x00000000ed000000| PB 0x00000000ed000000| Complete 
| 209|0x00000000ed100000, 0x00000000ed200000, 0x00000000ed200000|100%| E|CS|TAMS 0x00000000ed100000| PB 0x00000000ed100000| Complete 
| 210|0x00000000ed200000, 0x00000000ed300000, 0x00000000ed300000|100%| E|CS|TAMS 0x00000000ed200000| PB 0x00000000ed200000| Complete 
| 211|0x00000000ed300000, 0x00000000ed400000, 0x00000000ed400000|100%| E|CS|TAMS 0x00000000ed300000| PB 0x00000000ed300000| Complete 
| 212|0x00000000ed400000, 0x00000000ed500000, 0x00000000ed500000|100%| E|CS|TAMS 0x00000000ed400000| PB 0x00000000ed400000| Complete 
| 213|0x00000000ed500000, 0x00000000ed600000, 0x00000000ed600000|100%| E|CS|TAMS 0x00000000ed500000| PB 0x00000000ed500000| Complete 
| 214|0x00000000ed600000, 0x00000000ed700000, 0x00000000ed700000|100%| E|CS|TAMS 0x00000000ed600000| PB 0x00000000ed600000| Complete 
| 215|0x00000000ed700000, 0x00000000ed800000, 0x00000000ed800000|100%| E|CS|TAMS 0x00000000ed700000| PB 0x00000000ed700000| Complete 
| 216|0x00000000ed800000, 0x00000000ed900000, 0x00000000ed900000|100%| E|CS|TAMS 0x00000000ed800000| PB 0x00000000ed800000| Complete 
| 217|0x00000000ed900000, 0x00000000eda00000, 0x00000000eda00000|100%| E|CS|TAMS 0x00000000ed900000| PB 0x00000000ed900000| Complete 
| 218|0x00000000eda00000, 0x00000000edb00000, 0x00000000edb00000|100%| E|CS|TAMS 0x00000000eda00000| PB 0x00000000eda00000| Complete 
| 219|0x00000000edb00000, 0x00000000edc00000, 0x00000000edc00000|100%| E|CS|TAMS 0x00000000edb00000| PB 0x00000000edb00000| Complete 
| 220|0x00000000edc00000, 0x00000000edd00000, 0x00000000edd00000|100%| E|CS|TAMS 0x00000000edc00000| PB 0x00000000edc00000| Complete 
| 221|0x00000000edd00000, 0x00000000ede00000, 0x00000000ede00000|100%| E|CS|TAMS 0x00000000edd00000| PB 0x00000000edd00000| Complete 
| 222|0x00000000ede00000, 0x00000000edf00000, 0x00000000edf00000|100%| E|CS|TAMS 0x00000000ede00000| PB 0x00000000ede00000| Complete 
| 223|0x00000000edf00000, 0x00000000ee000000, 0x00000000ee000000|100%| E|CS|TAMS 0x00000000edf00000| PB 0x00000000edf00000| Complete 
| 224|0x00000000ee000000, 0x00000000ee100000, 0x00000000ee100000|100%| E|CS|TAMS 0x00000000ee000000| PB 0x00000000ee000000| Complete 
| 225|0x00000000ee100000, 0x00000000ee200000, 0x00000000ee200000|100%| E|CS|TAMS 0x00000000ee100000| PB 0x00000000ee100000| Complete 
| 226|0x00000000ee200000, 0x00000000ee300000, 0x00000000ee300000|100%| E|CS|TAMS 0x00000000ee200000| PB 0x00000000ee200000| Complete 
| 227|0x00000000ee300000, 0x00000000ee400000, 0x00000000ee400000|100%| E|CS|TAMS 0x00000000ee300000| PB 0x00000000ee300000| Complete 
| 228|0x00000000ee400000, 0x00000000ee500000, 0x00000000ee500000|100%| E|CS|TAMS 0x00000000ee400000| PB 0x00000000ee400000| Complete 
| 229|0x00000000ee500000, 0x00000000ee600000, 0x00000000ee600000|100%| E|CS|TAMS 0x00000000ee500000| PB 0x00000000ee500000| Complete 
| 230|0x00000000ee600000, 0x00000000ee700000, 0x00000000ee700000|100%| E|CS|TAMS 0x00000000ee600000| PB 0x00000000ee600000| Complete 
| 231|0x00000000ee700000, 0x00000000ee800000, 0x00000000ee800000|100%| E|CS|TAMS 0x00000000ee700000| PB 0x00000000ee700000| Complete 
| 232|0x00000000ee800000, 0x00000000ee900000, 0x00000000ee900000|100%| E|CS|TAMS 0x00000000ee800000| PB 0x00000000ee800000| Complete 
| 233|0x00000000ee900000, 0x00000000eea00000, 0x00000000eea00000|100%| E|CS|TAMS 0x00000000ee900000| PB 0x00000000ee900000| Complete 
| 234|0x00000000eea00000, 0x00000000eeb00000, 0x00000000eeb00000|100%| E|CS|TAMS 0x00000000eea00000| PB 0x00000000eea00000| Complete 
| 235|0x00000000eeb00000, 0x00000000eec00000, 0x00000000eec00000|100%| E|CS|TAMS 0x00000000eeb00000| PB 0x00000000eeb00000| Complete 
| 236|0x00000000eec00000, 0x00000000eed00000, 0x00000000eed00000|100%| E|CS|TAMS 0x00000000eec00000| PB 0x00000000eec00000| Complete 
| 237|0x00000000eed00000, 0x00000000eee00000, 0x00000000eee00000|100%| E|CS|TAMS 0x00000000eed00000| PB 0x00000000eed00000| Complete 
| 238|0x00000000eee00000, 0x00000000eef00000, 0x00000000eef00000|100%| E|CS|TAMS 0x00000000eee00000| PB 0x00000000eee00000| Complete 
| 239|0x00000000eef00000, 0x00000000ef000000, 0x00000000ef000000|100%| E|CS|TAMS 0x00000000eef00000| PB 0x00000000eef00000| Complete 
| 240|0x00000000ef000000, 0x00000000ef100000, 0x00000000ef100000|100%| E|CS|TAMS 0x00000000ef000000| PB 0x00000000ef000000| Complete 
| 241|0x00000000ef100000, 0x00000000ef200000, 0x00000000ef200000|100%| E|CS|TAMS 0x00000000ef100000| PB 0x00000000ef100000| Complete 
| 242|0x00000000ef200000, 0x00000000ef300000, 0x00000000ef300000|100%| E|CS|TAMS 0x00000000ef200000| PB 0x00000000ef200000| Complete 
| 243|0x00000000ef300000, 0x00000000ef400000, 0x00000000ef400000|100%| E|CS|TAMS 0x00000000ef300000| PB 0x00000000ef300000| Complete 
| 244|0x00000000ef400000, 0x00000000ef500000, 0x00000000ef500000|100%| E|CS|TAMS 0x00000000ef400000| PB 0x00000000ef400000| Complete 
| 245|0x00000000ef500000, 0x00000000ef600000, 0x00000000ef600000|100%| E|CS|TAMS 0x00000000ef500000| PB 0x00000000ef500000| Complete 
| 246|0x00000000ef600000, 0x00000000ef700000, 0x00000000ef700000|100%| E|CS|TAMS 0x00000000ef600000| PB 0x00000000ef600000| Complete 
| 247|0x00000000ef700000, 0x00000000ef800000, 0x00000000ef800000|100%| E|CS|TAMS 0x00000000ef700000| PB 0x00000000ef700000| Complete 
| 248|0x00000000ef800000, 0x00000000ef900000, 0x00000000ef900000|100%| E|CS|TAMS 0x00000000ef800000| PB 0x00000000ef800000| Complete 
| 249|0x00000000ef900000, 0x00000000efa00000, 0x00000000efa00000|100%| E|CS|TAMS 0x00000000ef900000| PB 0x00000000ef900000| Complete 
| 250|0x00000000efa00000, 0x00000000efaf5000, 0x00000000efb00000| 95%| S|CS|TAMS 0x00000000efa00000| PB 0x00000000efa00000| Complete 
| 251|0x00000000efb00000, 0x00000000efc00000, 0x00000000efc00000|100%| S|CS|TAMS 0x00000000efb00000| PB 0x00000000efb00000| Complete 
| 252|0x00000000efc00000, 0x00000000efd00000, 0x00000000efd00000|100%| E|CS|TAMS 0x00000000efc00000| PB 0x00000000efc00000| Complete 
| 253|0x00000000efd00000, 0x00000000efe00000, 0x00000000efe00000|100%| E|CS|TAMS 0x00000000efd00000| PB 0x00000000efd00000| Complete 
| 254|0x00000000efe00000, 0x00000000eff00000, 0x00000000eff00000|100%| E|CS|TAMS 0x00000000efe00000| PB 0x00000000efe00000| Complete 
| 255|0x00000000eff00000, 0x00000000f0000000, 0x00000000f0000000|100%| E|CS|TAMS 0x00000000eff00000| PB 0x00000000eff00000| Complete 

Card table byte_map: [0x00000110519d0000,0x0000011051ad0000] _byte_map_base: 0x00000110512d0000

Marking Bits: (CMBitMap*) 0x0000011038698bf0
 Bits: [0x0000011051ad0000, 0x00000110522d0000)

Polling page: 0x0000011038600000

Metaspace:

Usage:
  Non-class:     27.25 MB used.
      Class:      4.47 MB used.
       Both:     31.72 MB used.

Virtual space:
  Non-class space:       64.00 MB reserved,      27.75 MB ( 43%) committed,  1 nodes.
      Class space:      320.00 MB reserved,       4.94 MB (  2%) committed,  1 nodes.
             Both:      384.00 MB reserved,      32.69 MB (  9%) committed. 

Chunk freelists:
   Non-Class:  3.64 MB
       Class:  10.97 MB
        Both:  14.61 MB

MaxMetaspaceSize: 384.00 MB
CompressedClassSpaceSize: 320.00 MB
Initial GC threshold: 21.00 MB
Current GC threshold: 35.25 MB
CDS: on
 - commit_granule_bytes: 65536.
 - commit_granule_words: 8192.
 - virtual_space_node_default_size: 8388608.
 - enlarge_chunks_in_place: 1.
 - use_allocation_guard: 0.


Internal statistics:

num_allocs_failed_limit: 5.
num_arena_births: 1556.
num_arena_deaths: 0.
num_vsnodes_births: 2.
num_vsnodes_deaths: 0.
num_space_committed: 523.
num_space_uncommitted: 0.
num_chunks_returned_to_freelist: 5.
num_chunks_taken_from_freelist: 2896.
num_chunk_merges: 2.
num_chunk_splits: 1872.
num_chunks_enlarged: 1195.
num_inconsistent_stats: 0.

CodeHeap 'non-profiled nmethods': size=120000Kb used=2119Kb max_used=2119Kb free=117880Kb
 bounds [0x0000011049d70000, 0x0000011049fe0000, 0x00000110512a0000]
CodeHeap 'profiled nmethods': size=120000Kb used=7886Kb max_used=7886Kb free=112113Kb
 bounds [0x00000110422a0000, 0x0000011042a60000, 0x00000110497d0000]
CodeHeap 'non-nmethods': size=5760Kb used=2101Kb max_used=2101Kb free=3658Kb
 bounds [0x00000110497d0000, 0x0000011049a40000, 0x0000011049d70000]
 total_blobs=4511 nmethods=3832 adapters=583
 compilation: enabled
              stopped_count=0, restarted_count=0
 full_count=0

Compilation events (20 events):
Event: 11.123 Thread 0x0000011054aaac50 3802       3       org.codehaus.groovy.util.ComplexKeyHashMap::hash (31 bytes)
Event: 11.124 Thread 0x0000011054aaac50 nmethod 3802 0x0000011042a41710 code [0x0000011042a418a0, 0x0000011042a419b0]
Event: 11.124 Thread 0x0000011054aaac50 3803       3       org.codehaus.groovy.util.SingleKeyHashMap::getOrPut (137 bytes)
Event: 11.124 Thread 0x0000011054aaac50 nmethod 3803 0x0000011042a41a90 code [0x0000011042a41ce0, 0x0000011042a42888]
Event: 11.124 Thread 0x0000011054aaac50 3799       1       groovy.lang.MetaProperty::getName (5 bytes)
Event: 11.124 Thread 0x0000011054aaac50 nmethod 3799 0x0000011049f81010 code [0x0000011049f811a0, 0x0000011049f81268]
Event: 11.125 Thread 0x0000011054aaac50 3804       3       java.lang.invoke.InnerClassLambdaMetafactory::spinInnerClass (118 bytes)
Event: 11.125 Thread 0x0000011054aaac50 nmethod 3804 0x0000011042a42c10 code [0x0000011042a42de0, 0x0000011042a430c8]
Event: 11.125 Thread 0x0000011054aaac50 3805       3       java.lang.invoke.LambdaProxyClassArchive::find (63 bytes)
Event: 11.126 Thread 0x0000011054aaac50 nmethod 3805 0x0000011042a43190 code [0x0000011042a433c0, 0x0000011042a43b88]
Event: 11.126 Thread 0x0000011054aaac50 3806       3       java.lang.invoke.LambdaProxyClassArchive::loadedByBuiltinLoader (22 bytes)
Event: 11.126 Thread 0x0000011054aaac50 nmethod 3806 0x0000011042a43e10 code [0x0000011042a43fe0, 0x0000011042a443e0]
Event: 11.126 Thread 0x0000011054aaac50 3807       3       java.lang.invoke.MethodHandles$Lookup::findConstructor (61 bytes)
Event: 11.127 Thread 0x0000011054aaac50 nmethod 3807 0x0000011042a44510 code [0x0000011042a44780, 0x0000011042a44f40]
Event: 11.127 Thread 0x0000011054aaac50 3808       3       java.lang.invoke.MethodHandles$Lookup::getDirectConstructor (10 bytes)
Event: 11.127 Thread 0x0000011054aaac50 nmethod 3808 0x0000011042a45290 code [0x0000011042a45440, 0x0000011042a45580]
Event: 11.128 Thread 0x000001105492a6c0 nmethod 3801 0x0000011049f81310 code [0x0000011049f814c0, 0x0000011049f81800]
Event: 11.433 Thread 0x000001105492a6c0 3809       4       java.net.URLClassLoader$1::run (5 bytes)
Event: 11.581 Thread 0x0000011054aaac50 3811       3       sun.nio.fs.WindowsPathParser::isSlash (18 bytes)
Event: 11.582 Thread 0x0000011054aaac50 nmethod 3811 0x0000011042a45610 code [0x0000011042a457a0, 0x0000011042a45918]

GC Heap History (8 events):
Event: 0.514 GC heap before
{Heap before GC invocations=0 (full 0):
 garbage-first heap   total 262144K, used 13312K [0x00000000e0000000, 0x0000000100000000)
  region size 1024K, 13 young (13312K), 0 survivors (0K)
 Metaspace       used 797K, committed 960K, reserved 393216K
  class space    used 67K, committed 128K, reserved 327680K
}
Event: 0.519 GC heap after
{Heap after GC invocations=1 (full 0):
 garbage-first heap   total 262144K, used 1248K [0x00000000e0000000, 0x0000000100000000)
  region size 1024K, 2 young (2048K), 2 survivors (2048K)
 Metaspace       used 797K, committed 960K, reserved 393216K
  class space    used 67K, committed 128K, reserved 327680K
}
Event: 1.586 GC heap before
{Heap before GC invocations=1 (full 0):
 garbage-first heap   total 262144K, used 29920K [0x00000000e0000000, 0x0000000100000000)
  region size 1024K, 28 young (28672K), 2 survivors (2048K)
 Metaspace       used 3614K, committed 3776K, reserved 393216K
  class space    used 450K, committed 512K, reserved 327680K
}
Event: 1.591 GC heap after
{Heap after GC invocations=2 (full 0):
 garbage-first heap   total 262144K, used 10489K [0x00000000e0000000, 0x0000000100000000)
  region size 1024K, 4 young (4096K), 4 survivors (4096K)
 Metaspace       used 3614K, committed 3776K, reserved 393216K
  class space    used 450K, committed 512K, reserved 327680K
}
Event: 6.942 GC heap before
{Heap before GC invocations=2 (full 0):
 garbage-first heap   total 262144K, used 164089K [0x00000000e0000000, 0x0000000100000000)
  region size 1024K, 153 young (156672K), 4 survivors (4096K)
 Metaspace       used 20675K, committed 21312K, reserved 393216K
  class space    used 2958K, committed 3264K, reserved 327680K
}
Event: 6.971 GC heap after
{Heap after GC invocations=3 (full 0):
 garbage-first heap   total 262144K, used 24190K [0x00000000e0000000, 0x0000000100000000)
  region size 1024K, 17 young (17408K), 17 survivors (17408K)
 Metaspace       used 20675K, committed 21312K, reserved 393216K
  class space    used 2958K, committed 3264K, reserved 327680K
}
Event: 7.065 GC heap before
{Heap before GC invocations=3 (full 0):
 garbage-first heap   total 262144K, used 27262K [0x00000000e0000000, 0x0000000100000000)
  region size 1024K, 21 young (21504K), 17 survivors (17408K)
 Metaspace       used 20906K, committed 21504K, reserved 393216K
  class space    used 2992K, committed 3264K, reserved 327680K
}
Event: 7.080 GC heap after
{Heap after GC invocations=4 (full 0):
 garbage-first heap   total 262144K, used 25701K [0x00000000e0000000, 0x0000000100000000)
  region size 1024K, 2 young (2048K), 2 survivors (2048K)
 Metaspace       used 20906K, committed 21504K, reserved 393216K
  class space    used 2992K, committed 3264K, reserved 327680K
}

Dll operation events (15 events):
Event: 0.011 Loaded shared library C:\Program Files\Java\jdk-21\bin\java.dll
Event: 0.055 Loaded shared library C:\Program Files\Java\jdk-21\bin\jsvml.dll
Event: 0.128 Loaded shared library C:\Program Files\Java\jdk-21\bin\zip.dll
Event: 0.138 Loaded shared library C:\Program Files\Java\jdk-21\bin\instrument.dll
Event: 0.151 Loaded shared library C:\Program Files\Java\jdk-21\bin\net.dll
Event: 0.159 Loaded shared library C:\Program Files\Java\jdk-21\bin\nio.dll
Event: 0.162 Loaded shared library C:\Program Files\Java\jdk-21\bin\zip.dll
Event: 0.664 Loaded shared library C:\Program Files\Java\jdk-21\bin\jimage.dll
Event: 0.982 Loaded shared library C:\Program Files\Java\jdk-21\bin\verify.dll
Event: 1.147 Loaded shared library C:\Users\saniel\.gradle\native\1def1411415f61bf3af743bc5b6707747c0891f09f0c88961ee8f79bc544acac\windows-amd64\native-platform.dll
Event: 1.172 Loaded shared library C:\Users\saniel\.gradle\native\0.2.7\x86_64-windows-gnu\gradle-fileevents.dll
Event: 3.052 Loaded shared library C:\Program Files\Java\jdk-21\bin\management.dll
Event: 3.060 Loaded shared library C:\Program Files\Java\jdk-21\bin\management_ext.dll
Event: 3.265 Loaded shared library C:\Program Files\Java\jdk-21\bin\extnet.dll
Event: 3.746 Loaded shared library C:\Program Files\Java\jdk-21\bin\sunmscapi.dll

Deoptimization events (20 events):
Event: 10.246 Thread 0x000001106f75abe0 Uncommon trap: trap_request=0xffffffc6 fr.pc=0x0000011049f1dd18 relative=0x0000000000000238
Event: 10.246 Thread 0x000001106f75abe0 Uncommon trap: reason=bimorphic_or_optimized_type_check action=maybe_recompile pc=0x0000011049f1dd18 method=java.util.regex.Pattern$BmpCharProperty.match(Ljava/util/regex/Matcher;ILjava/lang/CharSequence;)Z @ 19 c2
Event: 10.246 Thread 0x000001106f75abe0 DEOPT PACKING pc=0x0000011049f1dd18 sp=0x00000002cbff8260
Event: 10.246 Thread 0x000001106f75abe0 DEOPT UNPACKING pc=0x0000011049827da2 sp=0x00000002cbff81f8 mode 2
Event: 10.246 Thread 0x000001106f75abe0 Uncommon trap: trap_request=0xffffffc6 fr.pc=0x0000011049f1dd18 relative=0x0000000000000238
Event: 10.246 Thread 0x000001106f75abe0 Uncommon trap: reason=bimorphic_or_optimized_type_check action=maybe_recompile pc=0x0000011049f1dd18 method=java.util.regex.Pattern$BmpCharProperty.match(Ljava/util/regex/Matcher;ILjava/lang/CharSequence;)Z @ 19 c2
Event: 10.246 Thread 0x000001106f75abe0 DEOPT PACKING pc=0x0000011049f1dd18 sp=0x00000002cbff8260
Event: 10.246 Thread 0x000001106f75abe0 DEOPT UNPACKING pc=0x0000011049827da2 sp=0x00000002cbff81f8 mode 2
Event: 10.246 Thread 0x000001106f75abe0 Uncommon trap: trap_request=0xffffffc6 fr.pc=0x0000011049f1dd18 relative=0x0000000000000238
Event: 10.246 Thread 0x000001106f75abe0 Uncommon trap: reason=bimorphic_or_optimized_type_check action=maybe_recompile pc=0x0000011049f1dd18 method=java.util.regex.Pattern$BmpCharProperty.match(Ljava/util/regex/Matcher;ILjava/lang/CharSequence;)Z @ 19 c2
Event: 10.246 Thread 0x000001106f75abe0 DEOPT PACKING pc=0x0000011049f1dd18 sp=0x00000002cbff8260
Event: 10.246 Thread 0x000001106f75abe0 DEOPT UNPACKING pc=0x0000011049827da2 sp=0x00000002cbff81f8 mode 2
Event: 11.581 Thread 0x000001106f75abe0 Uncommon trap: trap_request=0xffffff45 fr.pc=0x0000011049e1cc0c relative=0x000000000000182c
Event: 11.581 Thread 0x000001106f75abe0 Uncommon trap: reason=unstable_if action=reinterpret pc=0x0000011049e1cc0c method=sun.nio.fs.WindowsPathParser.isSlash(C)Z @ 9 c2
Event: 11.581 Thread 0x000001106f75abe0 DEOPT PACKING pc=0x0000011049e1cc0c sp=0x00000002cbff8290
Event: 11.581 Thread 0x000001106f75abe0 DEOPT UNPACKING pc=0x0000011049827da2 sp=0x00000002cbff8230 mode 2
Event: 11.581 Thread 0x000001106f75abe0 Uncommon trap: trap_request=0xffffff45 fr.pc=0x0000011049d9636c relative=0x000000000000004c
Event: 11.581 Thread 0x000001106f75abe0 Uncommon trap: reason=unstable_if action=reinterpret pc=0x0000011049d9636c method=sun.nio.fs.WindowsPathParser.isSlash(C)Z @ 9 c2
Event: 11.581 Thread 0x000001106f75abe0 DEOPT PACKING pc=0x0000011049d9636c sp=0x00000002cbff82a0
Event: 11.581 Thread 0x000001106f75abe0 DEOPT UNPACKING pc=0x0000011049827da2 sp=0x00000002cbff8228 mode 2

Classes loaded (20 events):
Event: 11.208 Loading class java/util/concurrent/locks/ReentrantReadWriteLock$NonfairSync
Event: 11.208 Loading class java/util/concurrent/locks/ReentrantReadWriteLock$Sync
Event: 11.213 Loading class java/util/concurrent/locks/ReentrantReadWriteLock$Sync done
Event: 11.213 Loading class java/util/concurrent/locks/ReentrantReadWriteLock$NonfairSync done
Event: 11.214 Loading class java/util/concurrent/locks/ReentrantReadWriteLock$Sync$ThreadLocalHoldCounter
Event: 11.214 Loading class java/util/concurrent/locks/ReentrantReadWriteLock$Sync$ThreadLocalHoldCounter done
Event: 11.214 Loading class java/util/concurrent/locks/ReentrantReadWriteLock$ReadLock
Event: 11.214 Loading class java/util/concurrent/locks/ReentrantReadWriteLock$ReadLock done
Event: 11.214 Loading class java/util/concurrent/locks/ReentrantReadWriteLock$WriteLock
Event: 11.214 Loading class java/util/concurrent/locks/ReentrantReadWriteLock$WriteLock done
Event: 11.486 Loading class java/util/concurrent/locks/StampedLock
Event: 11.497 Loading class java/util/concurrent/locks/StampedLock done
Event: 11.548 Loading class java/nio/file/FileSystemAlreadyExistsException
Event: 11.563 Loading class java/nio/file/FileSystemAlreadyExistsException done
Event: 11.581 Loading class java/nio/file/AccessMode
Event: 11.586 Loading class java/nio/file/AccessMode done
Event: 11.587 Loading class java/nio/file/spi/FileSystemProvider$1
Event: 11.587 Loading class java/nio/file/spi/FileSystemProvider$1 done
Event: 11.609 Loading class java/nio/file/FileSystemNotFoundException
Event: 11.609 Loading class java/nio/file/FileSystemNotFoundException done

Classes unloaded (0 events):
No events

Classes redefined (0 events):
No events

Internal exceptions (20 events):
Event: 9.710 Thread 0x000001106f75abe0 Exception <a 'java/lang/NoSuchMethodError'{0x00000000ed28f410}: 'void java.lang.invoke.DirectMethodHandle$Holder.invokeInterface(java.lang.Object, java.lang.Object, java.lang.Object, java.lang.Object, java.lang.Object, java.lang.Object, java.lang.Object)'> (0x00000000ed28f410) 
thrown [s\open\src\hotspot\share\interpreter\linkResolver.cpp, line 773]
Event: 9.712 Thread 0x000001106f75abe0 Exception <a 'java/lang/NoSuchMethodError'{0x00000000ed293d78}: 'void java.lang.invoke.DelegatingMethodHandle$Holder.reinvoke_L(java.lang.Object, java.lang.Object, java.lang.Object, java.lang.Object, java.lang.Object, java.lang.Object, java.lang.Object)'> (0x00000000ed293d78) 
thrown [s\open\src\hotspot\share\interpreter\linkResolver.cpp, line 773]
Event: 9.819 Thread 0x000001106f75abe0 Exception <a 'java/lang/NoSuchMethodError'{0x00000000ed055ff8}: 'java.lang.Object java.lang.invoke.DirectMethodHandle$Holder.invokeStaticInit(java.lang.Object, java.lang.Object, java.lang.Object, java.lang.Object, java.lang.Object, java.lang.Object, java.lang.Object)'> (0x00000000ed055ff8) 
thrown [s\open\src\hotspot\share\interpreter\linkResolver.cpp, line 773]
Event: 9.828 Thread 0x000001106f75abe0 Exception <a 'java/lang/NoSuchMethodError'{0x00000000ed07c1c0}: 'java.lang.Object java.lang.invoke.DirectMethodHandle$Holder.invokeSpecial(java.lang.Object, java.lang.Object, java.lang.Object, int, java.lang.Object, java.lang.Object)'> (0x00000000ed07c1c0) 
thrown [s\open\src\hotspot\share\interpreter\linkResolver.cpp, line 773]
Event: 10.065 Thread 0x000001106f75abe0 Implicit null exception at 0x0000011049e97b37 to 0x0000011049e98068
Event: 10.065 Thread 0x000001106f75abe0 Implicit null exception at 0x0000011049f60ec5 to 0x0000011049f62370
Event: 10.065 Thread 0x000001106f75abe0 Implicit null exception at 0x0000011049f2bcae to 0x0000011049f2c75c
Event: 10.065 Thread 0x000001106f75abe0 Exception <a 'java/lang/NoSuchMethodError'{0x00000000eca41450}: 'java.lang.reflect.Method[] java.lang.Class.getDeclaredMethods(java.lang.Class)'> (0x00000000eca41450) 
thrown [s\open\src\hotspot\share\interpreter\linkResolver.cpp, line 773]
Event: 10.085 Thread 0x000001106f75abe0 Exception <a 'java/lang/NoSuchMethodError'{0x00000000ecabef68}: 'java.lang.Object java.lang.invoke.DirectMethodHandle$Holder.invokeStaticInit(java.lang.Object, java.lang.Object, java.lang.Object)'> (0x00000000ecabef68) 
thrown [s\open\src\hotspot\share\interpreter\linkResolver.cpp, line 773]
Event: 10.112 Thread 0x000001106f75abe0 Exception <a 'java/lang/NoSuchMethodError'{0x00000000ec9d90f0}: 'void java.lang.invoke.DirectMethodHandle$Holder.invokeStaticInit(java.lang.Object, java.lang.Object, java.lang.Object)'> (0x00000000ec9d90f0) 
thrown [s\open\src\hotspot\share\interpreter\linkResolver.cpp, line 773]
Event: 10.113 Thread 0x000001106f75abe0 Exception <a 'java/lang/NoSuchMethodError'{0x00000000ec9dfbd8}: 'void java.lang.invoke.DirectMethodHandle$Holder.invokeStaticInit(java.lang.Object, java.lang.Object, java.lang.Object, java.lang.Object)'> (0x00000000ec9dfbd8) 
thrown [s\open\src\hotspot\share\interpreter\linkResolver.cpp, line 773]
Event: 10.117 Thread 0x000001106f75abe0 Exception <a 'java/lang/NoSuchMethodError'{0x00000000ec801e48}: 'void java.lang.invoke.DirectMethodHandle$Holder.invokeStaticInit(java.lang.Object, java.lang.Object, java.lang.Object, java.lang.Object, java.lang.Object)'> (0x00000000ec801e48) 
thrown [s\open\src\hotspot\share\interpreter\linkResolver.cpp, line 773]
Event: 10.131 Thread 0x000001106f75abe0 Exception <a 'java/lang/NoSuchMethodError'{0x00000000ec85aca8}: 'int java.lang.invoke.DirectMethodHandle$Holder.invokeStaticInit(java.lang.Object, java.lang.Object, java.lang.Object, java.lang.Object)'> (0x00000000ec85aca8) 
thrown [s\open\src\hotspot\share\interpreter\linkResolver.cpp, line 773]
Event: 10.785 Thread 0x000001106f75abe0 Exception <a 'java/lang/ClassNotFoundException'{0x00000000ebeb8828}: groovy/lang/ExpandoMetaClassBeanInfo> (0x00000000ebeb8828) 
thrown [s\open\src\hotspot\share\classfile\systemDictionary.cpp, line 312]
Event: 10.790 Thread 0x000001106f75abe0 Exception <a 'java/lang/ClassNotFoundException'{0x00000000ebec0f00}: groovy/lang/MetaClassImplBeanInfo> (0x00000000ebec0f00) 
thrown [s\open\src\hotspot\share\classfile\systemDictionary.cpp, line 312]
Event: 10.790 Thread 0x000001106f75abe0 Exception <a 'java/lang/ClassNotFoundException'{0x00000000ebec5a58}: java/lang/ObjectBeanInfo> (0x00000000ebec5a58) 
thrown [s\open\src\hotspot\share\classfile\systemDictionary.cpp, line 312]
Event: 10.797 Thread 0x000001106f75abe0 Exception <a 'java/lang/ClassNotFoundException'{0x00000000ebecb7b8}: java/lang/ObjectCustomizer> (0x00000000ebecb7b8) 
thrown [s\open\src\hotspot\share\classfile\systemDictionary.cpp, line 312]
Event: 11.004 Thread 0x000001106f75abe0 Exception <a 'java/lang/IncompatibleClassChangeError'{0x00000000ebedb898}: Found class java.lang.Object, but interface was expected> (0x00000000ebedb898) 
thrown [s\open\src\hotspot\share\interpreter\linkResolver.cpp, line 840]
Event: 11.082 Thread 0x000001106f75abe0 Exception <a 'java/lang/ClassNotFoundException'{0x00000000ebef7470}: groovy/lang/MetaClassImplCustomizer> (0x00000000ebef7470) 
thrown [s\open\src\hotspot\share\classfile\systemDictionary.cpp, line 312]
Event: 11.101 Thread 0x000001106f75abe0 Exception <a 'java/lang/ClassNotFoundException'{0x00000000ebd1ffa8}: groovy/lang/ExpandoMetaClassCustomizer> (0x00000000ebd1ffa8) 
thrown [s\open\src\hotspot\share\classfile\systemDictionary.cpp, line 312]

ZGC Phase Switch (0 events):
No events

VM Operations (20 events):
Event: 9.316 Executing VM operation: HandshakeAllThreads (Deoptimize)
Event: 9.316 Executing VM operation: HandshakeAllThreads (Deoptimize) done
Event: 9.357 Executing VM operation: HandshakeAllThreads (Deoptimize)
Event: 9.358 Executing VM operation: HandshakeAllThreads (Deoptimize) done
Event: 9.721 Executing VM operation: HandshakeAllThreads (Deoptimize)
Event: 9.721 Executing VM operation: HandshakeAllThreads (Deoptimize) done
Event: 9.722 Executing VM operation: HandshakeAllThreads (Deoptimize)
Event: 9.722 Executing VM operation: HandshakeAllThreads (Deoptimize) done
Event: 10.041 Executing VM operation: HandshakeAllThreads (Deoptimize)
Event: 10.041 Executing VM operation: HandshakeAllThreads (Deoptimize) done
Event: 10.134 Executing VM operation: ICBufferFull
Event: 10.135 Executing VM operation: ICBufferFull done
Event: 10.284 Executing VM operation: HandshakeAllThreads (Deoptimize)
Event: 10.284 Executing VM operation: HandshakeAllThreads (Deoptimize) done
Event: 10.382 Executing VM operation: HandshakeAllThreads (Deoptimize)
Event: 10.382 Executing VM operation: HandshakeAllThreads (Deoptimize) done
Event: 10.517 Executing VM operation: HandshakeAllThreads (Deoptimize)
Event: 10.517 Executing VM operation: HandshakeAllThreads (Deoptimize) done
Event: 11.528 Executing VM operation: Cleanup
Event: 11.528 Executing VM operation: Cleanup done

Events (20 events):
Event: 2.060 Thread 0x0000011054e385c0 Thread exited: 0x0000011054e385c0
Event: 3.117 Thread 0x000001106f6a74c0 Thread added: 0x000001106f6a74c0
Event: 3.466 Thread 0x000001106f72b0b0 Thread added: 0x000001106f72b0b0
Event: 3.587 Thread 0x000001106f75c3a0 Thread added: 0x000001106f75c3a0
Event: 3.833 Thread 0x000001106f7311a0 Thread added: 0x000001106f7311a0
Event: 3.839 Thread 0x000001106f5fe950 Thread added: 0x000001106f5fe950
Event: 4.039 Thread 0x000001106f7ec510 Thread added: 0x000001106f7ec510
Event: 4.052 Thread 0x000001106f75abe0 Thread added: 0x000001106f75abe0
Event: 4.068 Thread 0x000001106f7d3d40 Thread added: 0x000001106f7d3d40
Event: 4.074 Thread 0x000001106f7d36b0 Thread added: 0x000001106f7d36b0
Event: 4.077 Thread 0x000001106f7d3020 Thread added: 0x000001106f7d3020
Event: 4.724 Thread 0x000001106f7d43d0 Thread added: 0x000001106f7d43d0
Event: 4.738 Thread 0x000001106f7d0f50 Thread added: 0x000001106f7d0f50
Event: 4.776 Thread 0x000001106f7d15e0 Thread added: 0x000001106f7d15e0
Event: 7.862 Thread 0x000001106f7d2990 Thread added: 0x000001106f7d2990
Event: 7.903 Thread 0x000001106f7d1c70 Thread added: 0x000001106f7d1c70
Event: 8.843 Thread 0x00000110700b9980 Thread added: 0x00000110700b9980
Event: 8.875 Thread 0x00000110700ba010 Thread added: 0x00000110700ba010
Event: 9.537 Thread 0x00000110700ba6a0 Thread added: 0x00000110700ba6a0
Event: 9.676 Thread 0x00000110700bad30 Thread added: 0x00000110700bad30


Dynamic libraries:
0x00007ff7601d0000 - 0x00007ff7601e0000 	C:\Program Files\Java\jdk-21\bin\java.exe
0x00007ff9768e0000 - 0x00007ff976b40000 	C:\WINDOWS\SYSTEM32\ntdll.dll
0x00007ff9762b0000 - 0x00007ff976377000 	C:\WINDOWS\System32\KERNEL32.DLL
0x00007ff973eb0000 - 0x00007ff97427a000 	C:\WINDOWS\System32\KERNELBASE.dll
0x00007ff9705e0000 - 0x00007ff97067c000 	C:\WINDOWS\SYSTEM32\apphelp.dll
0x00007ff974280000 - 0x00007ff9743cb000 	C:\WINDOWS\System32\ucrtbase.dll
0x00007ff963e90000 - 0x00007ff963ea9000 	C:\Program Files\Java\jdk-21\bin\jli.dll
0x00007ff960830000 - 0x00007ff96084b000 	C:\Program Files\Java\jdk-21\bin\VCRUNTIME140.dll
0x00007ff975ff0000 - 0x00007ff9760a2000 	C:\WINDOWS\System32\ADVAPI32.dll
0x00007ff975f40000 - 0x00007ff975fe9000 	C:\WINDOWS\System32\msvcrt.dll
0x00007ff974ca0000 - 0x00007ff974d46000 	C:\WINDOWS\System32\sechost.dll
0x00007ff9760b0000 - 0x00007ff9761c6000 	C:\WINDOWS\System32\RPCRT4.dll
0x00007ff975d70000 - 0x00007ff975f3c000 	C:\WINDOWS\System32\USER32.dll
0x00007ff95ee00000 - 0x00007ff95f097000 	C:\WINDOWS\WinSxS\amd64_microsoft.windows.common-controls_6595b64144ccf1df_6.0.26100.3624_none_3e086962e3345f24\COMCTL32.dll
0x00007ff974470000 - 0x00007ff974497000 	C:\WINDOWS\System32\win32u.dll
0x00007ff975d40000 - 0x00007ff975d6a000 	C:\WINDOWS\System32\GDI32.dll
0x00007ff973ac0000 - 0x00007ff973bf1000 	C:\WINDOWS\System32\gdi32full.dll
0x00007ff973c00000 - 0x00007ff973ca3000 	C:\WINDOWS\System32\msvcp_win.dll
0x00007ff964ad0000 - 0x00007ff964adb000 	C:\WINDOWS\SYSTEM32\VERSION.dll
0x00007ff9747e0000 - 0x00007ff97480f000 	C:\WINDOWS\System32\IMM32.DLL
0x00007ff96e8c0000 - 0x00007ff96e8cc000 	C:\Program Files\Java\jdk-21\bin\vcruntime140_1.dll
0x00007ff957780000 - 0x00007ff95780e000 	C:\Program Files\Java\jdk-21\bin\msvcp140.dll
0x00007ff9107e0000 - 0x00007ff9114fa000 	C:\Program Files\Java\jdk-21\bin\server\jvm.dll
0x00007ff975250000 - 0x00007ff9752c4000 	C:\WINDOWS\System32\WS2_32.dll
0x00007ff973910000 - 0x00007ff97396e000 	C:\WINDOWS\SYSTEM32\POWRPROF.dll
0x00007ff95d8d0000 - 0x00007ff95d906000 	C:\WINDOWS\SYSTEM32\WINMM.dll
0x00007ff9738f0000 - 0x00007ff973904000 	C:\WINDOWS\SYSTEM32\UMPDC.dll
0x00007ff972890000 - 0x00007ff9728aa000 	C:\WINDOWS\SYSTEM32\kernel.appcore.dll
0x00007ff96e890000 - 0x00007ff96e89a000 	C:\Program Files\Java\jdk-21\bin\jimage.dll
0x00007ff9712c0000 - 0x00007ff971501000 	C:\WINDOWS\SYSTEM32\DBGHELP.DLL
0x00007ff974830000 - 0x00007ff974bb2000 	C:\WINDOWS\System32\combase.dll
0x00007ff974bc0000 - 0x00007ff974c96000 	C:\WINDOWS\System32\OLEAUT32.dll
0x00007ff95bc30000 - 0x00007ff95bc69000 	C:\WINDOWS\SYSTEM32\dbgcore.DLL
0x00007ff9743d0000 - 0x00007ff974469000 	C:\WINDOWS\System32\bcryptPrimitives.dll
0x00007ff95cbc0000 - 0x00007ff95cbcf000 	C:\Program Files\Java\jdk-21\bin\instrument.dll
0x00007ff95c220000 - 0x00007ff95c23f000 	C:\Program Files\Java\jdk-21\bin\java.dll
0x00007ff9752d0000 - 0x00007ff9759f9000 	C:\WINDOWS\System32\SHELL32.dll
0x00007ff973d40000 - 0x00007ff973ea8000 	C:\WINDOWS\System32\wintypes.dll
0x00007ff971740000 - 0x00007ff971f92000 	C:\WINDOWS\SYSTEM32\windows.storage.dll
0x00007ff9746f0000 - 0x00007ff9747dd000 	C:\WINDOWS\System32\SHCORE.dll
0x00007ff975060000 - 0x00007ff9750c4000 	C:\WINDOWS\System32\shlwapi.dll
0x00007ff9739d0000 - 0x00007ff9739ff000 	C:\WINDOWS\SYSTEM32\profapi.dll
0x00007ff93d170000 - 0x00007ff93d247000 	C:\Program Files\Java\jdk-21\bin\jsvml.dll
0x00007ff95bea0000 - 0x00007ff95beb8000 	C:\Program Files\Java\jdk-21\bin\zip.dll
0x00007ff95cb90000 - 0x00007ff95cba0000 	C:\Program Files\Java\jdk-21\bin\net.dll
0x00007ff96a290000 - 0x00007ff96a3ad000 	C:\WINDOWS\SYSTEM32\WINHTTP.dll
0x00007ff972d90000 - 0x00007ff972dfa000 	C:\WINDOWS\system32\mswsock.dll
0x00007ff95a5a0000 - 0x00007ff95a5b6000 	C:\Program Files\Java\jdk-21\bin\nio.dll
0x00007ff95cb00000 - 0x00007ff95cb10000 	C:\Program Files\Java\jdk-21\bin\verify.dll
0x00007ff957b80000 - 0x00007ff957ba7000 	C:\Users\saniel\.gradle\native\1def1411415f61bf3af743bc5b6707747c0891f09f0c88961ee8f79bc544acac\windows-amd64\native-platform.dll
0x00007ff956ca0000 - 0x00007ff956d18000 	C:\Users\saniel\.gradle\native\0.2.7\x86_64-windows-gnu\gradle-fileevents.dll
0x00007ff95c210000 - 0x00007ff95c21a000 	C:\Program Files\Java\jdk-21\bin\management.dll
0x00007ff95bf10000 - 0x00007ff95bf1b000 	C:\Program Files\Java\jdk-21\bin\management_ext.dll
0x00007ff974820000 - 0x00007ff974828000 	C:\WINDOWS\System32\PSAPI.DLL
0x00007ff9722a0000 - 0x00007ff9722d3000 	C:\WINDOWS\SYSTEM32\IPHLPAPI.DLL
0x00007ff975ce0000 - 0x00007ff975cea000 	C:\WINDOWS\System32\NSI.dll
0x00007ff95a590000 - 0x00007ff95a599000 	C:\Program Files\Java\jdk-21\bin\extnet.dll
0x00007ff973140000 - 0x00007ff97315c000 	C:\WINDOWS\SYSTEM32\CRYPTSP.dll
0x00007ff9727f0000 - 0x00007ff97282a000 	C:\WINDOWS\system32\rsaenh.dll
0x00007ff972e30000 - 0x00007ff972e5b000 	C:\WINDOWS\SYSTEM32\USERENV.dll
0x00007ff9739a0000 - 0x00007ff9739c6000 	C:\WINDOWS\SYSTEM32\bcrypt.dll
0x00007ff972fc0000 - 0x00007ff972fcc000 	C:\WINDOWS\SYSTEM32\CRYPTBASE.dll
0x00007ff95a580000 - 0x00007ff95a58e000 	C:\Program Files\Java\jdk-21\bin\sunmscapi.dll
0x00007ff974560000 - 0x00007ff9746d7000 	C:\WINDOWS\System32\CRYPT32.dll
0x00007ff973290000 - 0x00007ff9732c0000 	C:\WINDOWS\SYSTEM32\ncrypt.dll
0x00007ff973240000 - 0x00007ff97327f000 	C:\WINDOWS\SYSTEM32\NTASN1.dll
0x00007ff95bde0000 - 0x00007ff95bde8000 	C:\WINDOWS\system32\wshunix.dll

dbghelp: loaded successfully - version: 4.0.5 - missing functions: none
symbol engine: initialized successfully - sym options: 0x614 - pdb path: .;C:\Program Files\Java\jdk-21\bin;C:\WINDOWS\SYSTEM32;C:\WINDOWS\WinSxS\amd64_microsoft.windows.common-controls_6595b64144ccf1df_6.0.26100.3624_none_3e086962e3345f24;C:\Program Files\Java\jdk-21\bin\server;C:\Users\saniel\.gradle\native\1def1411415f61bf3af743bc5b6707747c0891f09f0c88961ee8f79bc544acac\windows-amd64;C:\Users\saniel\.gradle\native\0.2.7\x86_64-windows-gnu

VM Arguments:
jvm_args: --add-opens=java.base/java.lang=ALL-UNNAMED --add-opens=java.base/java.lang.invoke=ALL-UNNAMED --add-opens=java.base/java.util=ALL-UNNAMED --add-opens=java.prefs/java.util.prefs=ALL-UNNAMED --add-exports=jdk.compiler/com.sun.tools.javac.api=ALL-UNNAMED --add-exports=jdk.compiler/com.sun.tools.javac.util=ALL-UNNAMED --add-opens=java.base/java.util=ALL-UNNAMED --add-opens=java.prefs/java.util.prefs=ALL-UNNAMED --add-opens=java.base/java.nio.charset=ALL-UNNAMED --add-opens=java.base/java.net=ALL-UNNAMED --add-opens=java.base/java.util.concurrent.atomic=ALL-UNNAMED --add-opens=java.xml/javax.xml.namespace=ALL-UNNAMED -XX:MaxMetaspaceSize=384m -XX:+HeapDumpOnOutOfMemoryError -Xms256m -Xmx512m -Dfile.encoding=UTF-8 -Duser.country=419 -Duser.language=es -Duser.variant -javaagent:C:\Users\saniel\.gradle\wrapper\dists\gradle-8.13-bin\5xuhj0ry160q40clulazy9h7d\gradle-8.13\lib\agents\gradle-instrumentation-agent-8.13.jar 
java_command: org.gradle.launcher.daemon.bootstrap.GradleDaemon 8.13
java_class_path (initial): C:\Users\saniel\.gradle\wrapper\dists\gradle-8.13-bin\5xuhj0ry160q40clulazy9h7d\gradle-8.13\lib\gradle-daemon-main-8.13.jar
Launcher Type: SUN_STANDARD

[Global flags]
     intx CICompilerCount                          = 3                                         {product} {ergonomic}
   size_t CompressedClassSpaceSize                 = 335544320                                 {product} {ergonomic}
     uint ConcGCThreads                            = 1                                         {product} {ergonomic}
     uint G1ConcRefinementThreads                  = 4                                         {product} {ergonomic}
   size_t G1HeapRegionSize                         = 1048576                                   {product} {ergonomic}
    uintx GCDrainStackTargetSize                   = 64                                        {product} {ergonomic}
     bool HeapDumpOnOutOfMemoryError               = true                                   {manageable} {command line}
   size_t InitialHeapSize                          = 268435456                                 {product} {command line}
   size_t MarkStackSize                            = 4194304                                   {product} {ergonomic}
   size_t MaxHeapSize                              = 536870912                                 {product} {command line}
   size_t MaxMetaspaceSize                         = 402653184                                 {product} {command line}
   size_t MaxNewSize                               = 321912832                                 {product} {ergonomic}
   size_t MinHeapDeltaBytes                        = 1048576                                   {product} {ergonomic}
   size_t MinHeapSize                              = 268435456                                 {product} {command line}
    uintx NonNMethodCodeHeapSize                   = 5832780                                {pd product} {ergonomic}
    uintx NonProfiledCodeHeapSize                  = 122912730                              {pd product} {ergonomic}
    uintx ProfiledCodeHeapSize                     = 122912730                              {pd product} {ergonomic}
    uintx ReservedCodeCacheSize                    = 251658240                              {pd product} {ergonomic}
     bool SegmentedCodeCache                       = true                                      {product} {ergonomic}
   size_t SoftMaxHeapSize                          = 536870912                              {manageable} {ergonomic}
     bool UseCompressedOops                        = true                           {product lp64_product} {ergonomic}
     bool UseG1GC                                  = true                                      {product} {ergonomic}
     bool UseLargePagesIndividualAllocation        = false                                  {pd product} {ergonomic}

Logging:
Log output configuration:
 #0: stdout all=warning uptime,level,tags foldmultilines=false
 #1: stderr all=off uptime,level,tags foldmultilines=false

Environment Variables:
JAVA_HOME=C:\Program Files\Java\jdk-21
PATH=C:\app\saniel\product\21c\dbhomeXE\bin;C:\Program Files\Common Files\Oracle\Java\javapath;C:\WINDOWS\system32;C:\WINDOWS;C:\WINDOWS\System32\Wbem;C:\WINDOWS\System32\WindowsPowerShell\v1.0\;C:\WINDOWS\System32\OpenSSH\;C:\Program Files\dotnet\;C:\Program Files\Microsoft SQL Server\120\Tools\Binn\;C:\Program Files\PuTTY\;C:\Program Files\Java\jdk-21\bin;C:\Program Files\MongoDB\Server\8.0\bin;C:\Program Files\Git\cmd;C:\Program Files\Git\bin;C:\Program Files\Gradle\gradle-8.12.1\bin;C:\Program Files (x86)\Microsoft SQL Server\160\Tools\Binn\;C:\Program Files\Microsoft SQL Server\160\Tools\Binn\;C:\Program Files\Microsoft SQL Server\Client SDK\ODBC\170\Tools\Binn\;C:\Program Files\Microsoft SQL Server\160\DTS\Binn\;C:\Program Files (x86)\Microsoft SQL Server\160\DTS\Binn\;C:\Program Files\Oracle\VirtualBox\;C:\Program Files\MongoDB\Tools\100\bin\mongodump.exe;C:\Program Files\nodejs\;C:\Users\saniel\AppData\Local\Programs\Python\Python312\Scripts\;C:\Users\saniel\AppData\Local\Programs\Python\Python312\;C:\Users\saniel\AppData\Local\Microsoft\WindowsApps;C:\ProgramData\saniel\GitHubDesktop\bin;C:\Program Files\JetBrains\IntelliJ IDEA 2024.3.5\bin;;C:\Program Files\JetBrains\IntelliJ IDEA Community Edition 2024.1\bin;;C:\Users\saniel\AppData\Local\Programs\Microsoft VS Code\bin;C:\Users\saniel\AppData\Local\GitHubDesktop\bin;C:\Program Files\Gradle\gradle-8.12.1\bin;C:\Program Files\Git\cmd;C:\Program Files\Git\bin;C:\Program Files\MongoDB\Server\8.0\bin;C:\Program Files\Java\jdk-21\bin;C:\Program Files\Oracle\VirtualBox\;C:\Program Files\MongoDB\Tools\100\bin\mongodump.exe;C:\Program Files\JetBrains\WebStorm 2025.1\bin;;C:\Users\saniel\AppData\Roaming\npm;C:\Program Files\nodejs\;
USERNAME=saniel
OS=Windows_NT
PROCESSOR_IDENTIFIER=Intel64 Family 6 Model 126 Stepping 5, GenuineIntel
TMP=C:\Users\saniel\AppData\Local\Temp
TEMP=C:\Users\saniel\AppData\Local\Temp




Periodic native trim disabled

---------------  S Y S T E M  ---------------

OS:
 Windows 11 , 64 bit Build 26100 (10.0.26100.3775)
OS uptime: 2 days 21:16 hours
Hyper-V role detected

CPU: total 4 (initial active 4) (2 cores per cpu, 2 threads per core) family 6 model 126 stepping 5 microcode 0xa6, cx8, cmov, fxsr, ht, mmx, 3dnowpref, sse, sse2, sse3, ssse3, sse4.1, sse4.2, popcnt, lzcnt, tsc, tscinvbit, avx, avx2, aes, erms, clmul, bmi1, bmi2, adx, avx512f, avx512dq, avx512cd, avx512bw, avx512vl, sha, fma, vzeroupper, avx512_vpopcntdq, avx512_vpclmulqdq, avx512_vaes, avx512_vnni, clflush, clflushopt, avx512_vbmi2, avx512_vbmi, hv, rdtscp, rdpid, fsrm, gfni, avx512_bitalg, f16c, avx512_ifma
Processor Information for all 4 processors :
  Max Mhz: 1201, Current Mhz: 1201, Mhz Limit: 1201

Memory: 4k page, system-wide physical 3836M (226M free)
TotalPageFile size 15612M (AvailPageFile size 6M)
current process WorkingSet (physical memory assigned to process): 284M, peak: 285M
current process commit charge ("private bytes"): 431M, peak: 432M

vm_info: Java HotSpot(TM) 64-Bit Server VM (21.0.6+8-LTS-188) for windows-amd64 JRE (21.0.6+8-LTS-188), built on 2024-12-03T10:50:54Z by "mach5one" with MS VC++ 17.6 (VS2022)

END.
